<!DOCTYPE html PUBLIC "-//W3C//DTD XHTML 1.1//EN" "https://www.w3.org/TR/xhtml11/DTD/xhtml11.dtd">
<html xmlns="https://www.w3.org/1999/xhtml">
<head>
<meta http-equiv="content-type" content="text/html; charset=UTF-8"/>
<title>TestNG Report</title>
<style type="text/css">table {margin-bottom:10px;border-collapse:collapse;empty-cells:show}th,td {border:1px solid #009;padding:.25em .5em}th {vertical-align:bottom}td {vertical-align:top}table a {font-weight:bold}.stripe td {background-color: #E6EBF9}.num {text-align:right}.passedodd td {background-color: #3F3}.passedeven td {background-color: #0A0}.skippedodd td {background-color: #DDD}.skippedeven td {background-color: #CCC}.failedodd td,.attn {background-color: #F33}.failedeven td,.stripe .attn {background-color: #D00}.stacktrace {white-space:pre;font-family:monospace}.totop {font-size:85%;text-align:center;border-bottom:2px solid #000}.invisible {display:none}</style>
</head>
<body>
<table>
<tr><th>Test</th><th># Passed</th><th># Skipped</th><th># Retried</th><th># Failed</th><th>Time (ms)</th><th>Included Groups</th><th>Excluded Groups</th></tr>
<tr><th colspan="8">Default suite</th></tr>
<tr><td><a href="#t0">Default test</a></td><td class="num">31</td><td class="num">0</td><td class="num">0</td><td class="num attn">50</td><td class="num">1,580,134</td><td></td><td></td></tr>
</table>
<table id='summary'><thead><tr><th>Class</th><th>Method</th><th>Start</th><th>Time (ms)</th></tr></thead><tbody><tr><th colspan="4">Default suite</th></tr></tbody><tbody id="t0"><tr><th colspan="4">Default test &#8212; failed</th></tr><tr class="failedeven"><td rowspan="50">testrunner.TestRunner</td><td><a href="#m0">runScenario</a></td><td rowspan="50">1672288985475</td><td rowspan="50">20416</td></tr><tr class="failedeven"><td><a href="#m1">runScenario</a></td></tr><tr class="failedeven"><td><a href="#m2">runScenario</a></td></tr><tr class="failedeven"><td><a href="#m3">runScenario</a></td></tr><tr class="failedeven"><td><a href="#m4">runScenario</a></td></tr><tr class="failedeven"><td><a href="#m5">runScenario</a></td></tr><tr class="failedeven"><td><a href="#m6">runScenario</a></td></tr><tr class="failedeven"><td><a href="#m7">runScenario</a></td></tr><tr class="failedeven"><td><a href="#m8">runScenario</a></td></tr><tr class="failedeven"><td><a href="#m9">runScenario</a></td></tr><tr class="failedeven"><td><a href="#m10">runScenario</a></td></tr><tr class="failedeven"><td><a href="#m11">runScenario</a></td></tr><tr class="failedeven"><td><a href="#m12">runScenario</a></td></tr><tr class="failedeven"><td><a href="#m13">runScenario</a></td></tr><tr class="failedeven"><td><a href="#m14">runScenario</a></td></tr><tr class="failedeven"><td><a href="#m15">runScenario</a></td></tr><tr class="failedeven"><td><a href="#m16">runScenario</a></td></tr><tr class="failedeven"><td><a href="#m17">runScenario</a></td></tr><tr class="failedeven"><td><a href="#m18">runScenario</a></td></tr><tr class="failedeven"><td><a href="#m19">runScenario</a></td></tr><tr class="failedeven"><td><a href="#m20">runScenario</a></td></tr><tr class="failedeven"><td><a href="#m21">runScenario</a></td></tr><tr class="failedeven"><td><a href="#m22">runScenario</a></td></tr><tr class="failedeven"><td><a href="#m23">runScenario</a></td></tr><tr class="failedeven"><td><a href="#m24">runScenario</a></td></tr><tr class="failedeven"><td><a href="#m25">runScenario</a></td></tr><tr class="failedeven"><td><a href="#m26">runScenario</a></td></tr><tr class="failedeven"><td><a href="#m27">runScenario</a></td></tr><tr class="failedeven"><td><a href="#m28">runScenario</a></td></tr><tr class="failedeven"><td><a href="#m29">runScenario</a></td></tr><tr class="failedeven"><td><a href="#m30">runScenario</a></td></tr><tr class="failedeven"><td><a href="#m31">runScenario</a></td></tr><tr class="failedeven"><td><a href="#m32">runScenario</a></td></tr><tr class="failedeven"><td><a href="#m33">runScenario</a></td></tr><tr class="failedeven"><td><a href="#m34">runScenario</a></td></tr><tr class="failedeven"><td><a href="#m35">runScenario</a></td></tr><tr class="failedeven"><td><a href="#m36">runScenario</a></td></tr><tr class="failedeven"><td><a href="#m37">runScenario</a></td></tr><tr class="failedeven"><td><a href="#m38">runScenario</a></td></tr><tr class="failedeven"><td><a href="#m39">runScenario</a></td></tr><tr class="failedeven"><td><a href="#m40">runScenario</a></td></tr><tr class="failedeven"><td><a href="#m41">runScenario</a></td></tr><tr class="failedeven"><td><a href="#m42">runScenario</a></td></tr><tr class="failedeven"><td><a href="#m43">runScenario</a></td></tr><tr class="failedeven"><td><a href="#m44">runScenario</a></td></tr><tr class="failedeven"><td><a href="#m45">runScenario</a></td></tr><tr class="failedeven"><td><a href="#m46">runScenario</a></td></tr><tr class="failedeven"><td><a href="#m47">runScenario</a></td></tr><tr class="failedeven"><td><a href="#m48">runScenario</a></td></tr><tr class="failedeven"><td><a href="#m49">runScenario</a></td></tr><tr><th colspan="4">Default test &#8212; passed</th></tr><tr class="passedeven"><td rowspan="31">testrunner.TestRunner</td><td><a href="#m50">runScenario</a></td><td rowspan="31">1672288871307</td><td rowspan="31">26509</td></tr><tr class="passedeven"><td><a href="#m51">runScenario</a></td></tr><tr class="passedeven"><td><a href="#m52">runScenario</a></td></tr><tr class="passedeven"><td><a href="#m53">runScenario</a></td></tr><tr class="passedeven"><td><a href="#m54">runScenario</a></td></tr><tr class="passedeven"><td><a href="#m55">runScenario</a></td></tr><tr class="passedeven"><td><a href="#m56">runScenario</a></td></tr><tr class="passedeven"><td><a href="#m57">runScenario</a></td></tr><tr class="passedeven"><td><a href="#m58">runScenario</a></td></tr><tr class="passedeven"><td><a href="#m59">runScenario</a></td></tr><tr class="passedeven"><td><a href="#m60">runScenario</a></td></tr><tr class="passedeven"><td><a href="#m61">runScenario</a></td></tr><tr class="passedeven"><td><a href="#m62">runScenario</a></td></tr><tr class="passedeven"><td><a href="#m63">runScenario</a></td></tr><tr class="passedeven"><td><a href="#m64">runScenario</a></td></tr><tr class="passedeven"><td><a href="#m65">runScenario</a></td></tr><tr class="passedeven"><td><a href="#m66">runScenario</a></td></tr><tr class="passedeven"><td><a href="#m67">runScenario</a></td></tr><tr class="passedeven"><td><a href="#m68">runScenario</a></td></tr><tr class="passedeven"><td><a href="#m69">runScenario</a></td></tr><tr class="passedeven"><td><a href="#m70">runScenario</a></td></tr><tr class="passedeven"><td><a href="#m71">runScenario</a></td></tr><tr class="passedeven"><td><a href="#m72">runScenario</a></td></tr><tr class="passedeven"><td><a href="#m73">runScenario</a></td></tr><tr class="passedeven"><td><a href="#m74">runScenario</a></td></tr><tr class="passedeven"><td><a href="#m75">runScenario</a></td></tr><tr class="passedeven"><td><a href="#m76">runScenario</a></td></tr><tr class="passedeven"><td><a href="#m77">runScenario</a></td></tr><tr class="passedeven"><td><a href="#m78">runScenario</a></td></tr><tr class="passedeven"><td><a href="#m79">runScenario</a></td></tr><tr class="passedeven"><td><a href="#m80">runScenario</a></td></tr></tbody>
</table>
<h2>Default test</h2><h3 id="m0">testrunner.TestRunner#runScenario</h3><table class="result"><tr class="param"><th>Parameter #1</th><th>Parameter #2</th></tr><tr class="param stripe"><td>&quot;Validate Add Device Profile Functionality&quot;</td><td>&quot;Optional[Validate Add Device Profile Functionality]&quot;</td></tr><tr><th colspan="2">Exception</th></tr><tr><td colspan="2"><div class="stacktrace">java.lang.AssertionError: expected [Duplicate Value Entered] but found [Submit Button is Disabled. Need to fill Mandatory fields]
	at org.testng.Assert.fail(Assert.java:99)
	at org.testng.Assert.failNotEquals(Assert.java:1037)
	at org.testng.Assert.assertEqualsImpl(Assert.java:140)
	at org.testng.Assert.assertEquals(Assert.java:122)
	at org.testng.Assert.assertEquals(Assert.java:629)
	at org.testng.Assert.assertEquals(Assert.java:639)
	at com.pages.DeviceProfile.AddDeviceProfilePage.verifyToasterMessage(AddDeviceProfilePage.java:77)
	at stepdefinitions.DeviceProfile.AddDeviceProfileSteps.verify_toaster_message_for_add_device_profile(AddDeviceProfileSteps.java:79)
	at ✽.Verify Toaster Message for Add Device Profile &quot;Duplicate Value Entered&quot;(file:///home/vassar-deepa/git/Stanley-Dashboard/src/test/resources/DeviceProfile/AddDeviceProfile.feature:13)
</div></td></tr></table><p class="totop"><a href="#summary">back to summary</a></p>
<h3 id="m1">testrunner.TestRunner#runScenario</h3><table class="result"><tr class="param"><th>Parameter #1</th><th>Parameter #2</th></tr><tr class="param stripe"><td>&quot;edit device type&quot;</td><td>&quot;Optional[validate device type]&quot;</td></tr><tr><th colspan="2">Exception</th></tr><tr><td colspan="2"><div class="stacktrace">org.openqa.selenium.NoSuchElementException: no such element: Unable to locate element: {&quot;method&quot;:&quot;xpath&quot;,&quot;selector&quot;:&quot;//td//span[text()=&apos; Test&apos;]//following::td[2]//div//div[1]//i&quot;}
  (Session info: chrome=108.0.5359.124)
For documentation on this error, please visit: https://selenium.dev/exceptions/#no_such_element
Build info: version: &apos;4.3.0&apos;, revision: &apos;a4995e2c09*&apos;
System info: host: &apos;vassardeepa-ThinkPad-L15-Gen-3&apos;, ip: &apos;127.0.1.1&apos;, os.name: &apos;Linux&apos;, os.arch: &apos;amd64&apos;, os.version: &apos;5.15.0-56-generic&apos;, java.version: &apos;17.0.5&apos;
Driver info: org.openqa.selenium.chrome.ChromeDriver
Command: [f839521f548ed7e9865f5a3e26ffac91, findElement {using=xpath, value=//td//span[text()=&apos; Test&apos;]//following::td[2]//div//div[1]//i}]
Capabilities {acceptInsecureCerts: false, browserName: chrome, browserVersion: 108.0.5359.124, chrome: {chromedriverVersion: 108.0.5359.71 (1e0e3868ee06..., userDataDir: /tmp/.com.google.Chrome.P7t6cz}, goog:chromeOptions: {debuggerAddress: localhost:35299}, networkConnectionEnabled: false, pageLoadStrategy: normal, platformName: LINUX, proxy: Proxy(), se:cdp: ws://localhost:35299/devtoo..., se:cdpVersion: 108.0.5359.124, setWindowRect: true, strictFileInteractability: false, timeouts: {implicit: 0, pageLoad: 300000, script: 30000}, unhandledPromptBehavior: dismiss and notify, webauthn:extension:credBlob: true, webauthn:extension:largeBlob: true, webauthn:virtualAuthenticators: true}
Session ID: f839521f548ed7e9865f5a3e26ffac91
	at java.base/jdk.internal.reflect.NativeConstructorAccessorImpl.newInstance0(Native Method)
	at java.base/jdk.internal.reflect.NativeConstructorAccessorImpl.newInstance(NativeConstructorAccessorImpl.java:77)
	at java.base/jdk.internal.reflect.DelegatingConstructorAccessorImpl.newInstance(DelegatingConstructorAccessorImpl.java:45)
	at java.base/java.lang.reflect.Constructor.newInstanceWithCaller(Constructor.java:499)
	at java.base/java.lang.reflect.Constructor.newInstance(Constructor.java:480)
	at org.openqa.selenium.remote.codec.w3c.W3CHttpResponseCodec.createException(W3CHttpResponseCodec.java:200)
	at org.openqa.selenium.remote.codec.w3c.W3CHttpResponseCodec.decode(W3CHttpResponseCodec.java:133)
	at org.openqa.selenium.remote.codec.w3c.W3CHttpResponseCodec.decode(W3CHttpResponseCodec.java:53)
	at org.openqa.selenium.remote.HttpCommandExecutor.execute(HttpCommandExecutor.java:184)
	at org.openqa.selenium.remote.service.DriverCommandExecutor.invokeExecute(DriverCommandExecutor.java:167)
	at org.openqa.selenium.remote.service.DriverCommandExecutor.execute(DriverCommandExecutor.java:142)
	at org.openqa.selenium.remote.RemoteWebDriver.execute(RemoteWebDriver.java:569)
	at org.openqa.selenium.remote.ElementLocation$ElementFinder$2.findElement(ElementLocation.java:162)
	at org.openqa.selenium.remote.ElementLocation.findElement(ElementLocation.java:60)
	at org.openqa.selenium.remote.RemoteWebDriver.findElement(RemoteWebDriver.java:387)
	at org.openqa.selenium.remote.RemoteWebDriver.findElement(RemoteWebDriver.java:379)
	at com.pages.DeviceType.EditDeviceTypePage.click_devicetype(EditDeviceTypePage.java:28)
	at stepdefinitions.DeviceType.EditDeviceTypeSteps.user_click_on_administrator(EditDeviceTypeSteps.java:21)
	at ✽.user click on Administrator &quot;Test&quot;(file:///home/vassar-deepa/git/Stanley-Dashboard/src/test/resources/DeviceType/EditDeviceType.feature:4)
</div></td></tr></table><p class="totop"><a href="#summary">back to summary</a></p>
<h3 id="m2">testrunner.TestRunner#runScenario</h3><table class="result"><tr class="param"><th>Parameter #1</th><th>Parameter #2</th></tr><tr class="param stripe"><td>&quot;Validate Delete Location Type Functionality&quot;</td><td>&quot;Optional[Validate Delete Location Type Functionality]&quot;</td></tr><tr><th colspan="2">Exception</th></tr><tr><td colspan="2"><div class="stacktrace">java.lang.AssertionError: expected [Location Type Deleted Successfully] but found [Entered Location Type does NOT exists in Table]
	at org.testng.Assert.fail(Assert.java:99)
	at org.testng.Assert.failNotEquals(Assert.java:1037)
	at org.testng.Assert.assertEqualsImpl(Assert.java:140)
	at org.testng.Assert.assertEquals(Assert.java:122)
	at org.testng.Assert.assertEquals(Assert.java:629)
	at org.testng.Assert.assertEquals(Assert.java:639)
	at com.pages.LocationType.DeleteLocationTypePage.deleteLocType(DeleteLocationTypePage.java:80)
	at stepdefinitions.LocationType.DeleteLocationTypeSteps.delete_desired_location_type(DeleteLocationTypeSteps.java:15)
	at ✽.Delete desired Location Type &quot;@@@@@34525&quot; &quot;Location Type Deleted Successfully&quot;(file:///home/vassar-deepa/git/Stanley-Dashboard/src/test/resources/LocationType/DeleteLocationType.feature:5)
</div></td></tr></table><p class="totop"><a href="#summary">back to summary</a></p>
<h3 id="m3">testrunner.TestRunner#runScenario</h3><table class="result"><tr class="param"><th>Parameter #1</th><th>Parameter #2</th></tr><tr class="param stripe"><td>&quot;Validate Add Device Profile Functionality&quot;</td><td>&quot;Optional[Validate Add Device Profile Functionality]&quot;</td></tr><tr><th colspan="2">Exception</th></tr><tr><td colspan="2"><div class="stacktrace">java.lang.AssertionError: expected [Device Profile Added Successfully] but found [Submit Button is Disabled. Need to fill Mandatory fields]
	at org.testng.Assert.fail(Assert.java:99)
	at org.testng.Assert.failNotEquals(Assert.java:1037)
	at org.testng.Assert.assertEqualsImpl(Assert.java:140)
	at org.testng.Assert.assertEquals(Assert.java:122)
	at org.testng.Assert.assertEquals(Assert.java:629)
	at org.testng.Assert.assertEquals(Assert.java:639)
	at com.pages.DeviceProfile.AddDeviceProfilePage.verifyToasterMessage(AddDeviceProfilePage.java:77)
	at stepdefinitions.DeviceProfile.AddDeviceProfileSteps.verify_toaster_message_for_add_device_profile(AddDeviceProfileSteps.java:79)
	at ✽.Verify Toaster Message for Add Device Profile &quot;Device Profile Added Successfully&quot;(file:///home/vassar-deepa/git/Stanley-Dashboard/src/test/resources/DeviceProfile/AddDeviceProfile.feature:13)
</div></td></tr></table><p class="totop"><a href="#summary">back to summary</a></p>
<h3 id="m4">testrunner.TestRunner#runScenario</h3><table class="result"><tr class="param"><th>Parameter #1</th><th>Parameter #2</th></tr><tr class="param stripe"><td>&quot;Verify the Edit Location Type page&quot;</td><td>&quot;Optional[Validate the Edit Location type]&quot;</td></tr><tr><th colspan="2">Exception</th></tr><tr><td colspan="2"><div class="stacktrace">java.lang.AssertionError: expected [Location Type Edited Successfully] but found [Entered Location Type does NOT exists in Table]
	at org.testng.Assert.fail(Assert.java:99)
	at org.testng.Assert.failNotEquals(Assert.java:1037)
	at org.testng.Assert.assertEqualsImpl(Assert.java:140)
	at org.testng.Assert.assertEquals(Assert.java:122)
	at org.testng.Assert.assertEquals(Assert.java:629)
	at org.testng.Assert.assertEquals(Assert.java:639)
	at com.pages.LocationType.EditLocationTypePage.editLocationType(EditLocationTypePage.java:160)
	at stepdefinitions.LocationType.EditLocationTypeSteps.user_edits_location_type_exp_msg(EditLocationTypeSteps.java:29)
	at ✽.User Edits Location Type &quot;Test#####&quot; &quot;Testing&quot; &quot;Testing&quot; &quot;Device Location&quot; &quot;Home Depot&quot; &quot;Location Type Edited Successfully&quot;(file:///home/vassar-deepa/git/Stanley-Dashboard/src/test/resources/LocationType/EditLocationType.feature:5)
</div></td></tr></table><p class="totop"><a href="#summary">back to summary</a></p>
<h3 id="m5">testrunner.TestRunner#runScenario</h3><table class="result"><tr class="param"><th>Parameter #1</th><th>Parameter #2</th></tr><tr class="param stripe"><td>&quot;Validate Add Device Profile Functionality&quot;</td><td>&quot;Optional[Validate Add Device Profile Functionality]&quot;</td></tr><tr><th colspan="2">Exception</th></tr><tr><td colspan="2"><div class="stacktrace">java.lang.AssertionError: expected [Duplicate Value Entered] but found [Submit Button is Disabled. Need to fill Mandatory fields]
	at org.testng.Assert.fail(Assert.java:99)
	at org.testng.Assert.failNotEquals(Assert.java:1037)
	at org.testng.Assert.assertEqualsImpl(Assert.java:140)
	at org.testng.Assert.assertEquals(Assert.java:122)
	at org.testng.Assert.assertEquals(Assert.java:629)
	at org.testng.Assert.assertEquals(Assert.java:639)
	at com.pages.DeviceProfile.AddDeviceProfilePage.verifyToasterMessage(AddDeviceProfilePage.java:77)
	at stepdefinitions.DeviceProfile.AddDeviceProfileSteps.verify_toaster_message_for_add_device_profile(AddDeviceProfileSteps.java:79)
	at ✽.Verify Toaster Message for Add Device Profile &quot;Duplicate Value Entered&quot;(file:///home/vassar-deepa/git/Stanley-Dashboard/src/test/resources/DeviceProfile/AddDeviceProfile.feature:13)
</div></td></tr></table><p class="totop"><a href="#summary">back to summary</a></p>
<h3 id="m6">testrunner.TestRunner#runScenario</h3><table class="result"><tr class="param"><th>Parameter #1</th><th>Parameter #2</th></tr><tr class="param stripe"><td>&quot;Validate Add Location Type feature&quot;</td><td>&quot;Optional[Validate Add Location Type feature]&quot;</td></tr><tr><th colspan="2">Exception</th></tr><tr><td colspan="2"><div class="stacktrace">java.lang.AssertionError: expected [Location Type Added Successfully] but found [Duplicate Value Entered]
	at org.testng.Assert.fail(Assert.java:99)
	at org.testng.Assert.failNotEquals(Assert.java:1037)
	at org.testng.Assert.assertEqualsImpl(Assert.java:140)
	at org.testng.Assert.assertEquals(Assert.java:122)
	at org.testng.Assert.assertEquals(Assert.java:629)
	at org.testng.Assert.assertEquals(Assert.java:639)
	at com.pages.LocationType.AddLocationTypePage.clickOnSubmitBtn(AddLocationTypePage.java:73)
	at stepdefinitions.LocationType.AddLocationTypeSteps.click_on_submit_button(AddLocationTypeSteps.java:41)
	at ✽.Click on Submit button &quot;Location Type Added Successfully&quot;(file:///home/vassar-deepa/git/Stanley-Dashboard/src/test/resources/LocationType/AddLocationType.feature:7)
</div></td></tr></table><p class="totop"><a href="#summary">back to summary</a></p>
<h3 id="m7">testrunner.TestRunner#runScenario</h3><table class="result"><tr class="param"><th>Parameter #1</th><th>Parameter #2</th></tr><tr class="param stripe"><td>&quot;Validate Delete Location Type Functionality&quot;</td><td>&quot;Optional[Validate Delete Location Type Functionality]&quot;</td></tr><tr><th colspan="2">Exception</th></tr><tr><td colspan="2"><div class="stacktrace">java.lang.AssertionError: expected [Location Type Deleted Successfully] but found [Entered Location Type does NOT exists in Table]
	at org.testng.Assert.fail(Assert.java:99)
	at org.testng.Assert.failNotEquals(Assert.java:1037)
	at org.testng.Assert.assertEqualsImpl(Assert.java:140)
	at org.testng.Assert.assertEquals(Assert.java:122)
	at org.testng.Assert.assertEquals(Assert.java:629)
	at org.testng.Assert.assertEquals(Assert.java:639)
	at com.pages.LocationType.DeleteLocationTypePage.deleteLocType(DeleteLocationTypePage.java:80)
	at stepdefinitions.LocationType.DeleteLocationTypeSteps.delete_desired_location_type(DeleteLocationTypeSteps.java:15)
	at ✽.Delete desired Location Type &quot;TestING&quot; &quot;Location Type Deleted Successfully&quot;(file:///home/vassar-deepa/git/Stanley-Dashboard/src/test/resources/LocationType/DeleteLocationType.feature:5)
</div></td></tr></table><p class="totop"><a href="#summary">back to summary</a></p>
<h3 id="m8">testrunner.TestRunner#runScenario</h3><table class="result"><tr class="param"><th>Parameter #1</th><th>Parameter #2</th></tr><tr class="param stripe"><td>&quot;Validate Add Device Profile Functionality&quot;</td><td>&quot;Optional[Validate Add Device Profile Functionality]&quot;</td></tr><tr><th colspan="2">Exception</th></tr><tr><td colspan="2"><div class="stacktrace">java.lang.AssertionError: expected [Duplicate Value Entered] but found [Submit Button is Disabled. Need to fill Mandatory fields]
	at org.testng.Assert.fail(Assert.java:99)
	at org.testng.Assert.failNotEquals(Assert.java:1037)
	at org.testng.Assert.assertEqualsImpl(Assert.java:140)
	at org.testng.Assert.assertEquals(Assert.java:122)
	at org.testng.Assert.assertEquals(Assert.java:629)
	at org.testng.Assert.assertEquals(Assert.java:639)
	at com.pages.DeviceProfile.AddDeviceProfilePage.verifyToasterMessage(AddDeviceProfilePage.java:77)
	at stepdefinitions.DeviceProfile.AddDeviceProfileSteps.verify_toaster_message_for_add_device_profile(AddDeviceProfileSteps.java:79)
	at ✽.Verify Toaster Message for Add Device Profile &quot;Duplicate Value Entered&quot;(file:///home/vassar-deepa/git/Stanley-Dashboard/src/test/resources/DeviceProfile/AddDeviceProfile.feature:13)
</div></td></tr></table><p class="totop"><a href="#summary">back to summary</a></p>
<h3 id="m9">testrunner.TestRunner#runScenario</h3><table class="result"><tr class="param"><th>Parameter #1</th><th>Parameter #2</th></tr><tr class="param stripe"><td>&quot;Scenario to Add DeviceType&quot;</td><td>&quot;Optional[To Add DeviceType]&quot;</td></tr><tr><th colspan="2">Exception</th></tr><tr><td colspan="2"><div class="stacktrace">org.openqa.selenium.ElementClickInterceptedException: element click intercepted: Element &lt;button _ngcontent-xld-c163=&quot;&quot; type=&quot;button&quot; class=&quot;btn btn-primary rounded-pill&quot;&gt;...&lt;/button&gt; is not clickable at point (1704, 146). Other element would receive the click: &lt;div _ngcontent-xld-c73=&quot;&quot; class=&quot;ngx-overlay ngx-position-absolute foreground-closing&quot; style=&quot;background-color: rgba(40, 40, 40, 0.8); border-radius: 0px;&quot;&gt;...&lt;/div&gt;
  (Session info: chrome=108.0.5359.124)
Build info: version: &apos;4.3.0&apos;, revision: &apos;a4995e2c09*&apos;
System info: host: &apos;vassardeepa-ThinkPad-L15-Gen-3&apos;, ip: &apos;127.0.1.1&apos;, os.name: &apos;Linux&apos;, os.arch: &apos;amd64&apos;, os.version: &apos;5.15.0-56-generic&apos;, java.version: &apos;17.0.5&apos;
Driver info: org.openqa.selenium.chrome.ChromeDriver
Command: [fc0ac62c4248b3f260fb305e5bc8e2d5, clickElement {id=11462008-9402-4e46-8648-cb162e33d00f}]
Capabilities {acceptInsecureCerts: false, browserName: chrome, browserVersion: 108.0.5359.124, chrome: {chromedriverVersion: 108.0.5359.71 (1e0e3868ee06..., userDataDir: /tmp/.com.google.Chrome.GWdQES}, goog:chromeOptions: {debuggerAddress: localhost:38217}, networkConnectionEnabled: false, pageLoadStrategy: normal, platformName: LINUX, proxy: Proxy(), se:cdp: ws://localhost:38217/devtoo..., se:cdpVersion: 108.0.5359.124, setWindowRect: true, strictFileInteractability: false, timeouts: {implicit: 0, pageLoad: 300000, script: 30000}, unhandledPromptBehavior: dismiss and notify, webauthn:extension:credBlob: true, webauthn:extension:largeBlob: true, webauthn:virtualAuthenticators: true}
Element: [[ChromeDriver: chrome on LINUX (fc0ac62c4248b3f260fb305e5bc8e2d5)] -&gt; xpath: //button[text()=&apos;Add Device Type &apos;]]
Session ID: fc0ac62c4248b3f260fb305e5bc8e2d5
	at jdk.internal.reflect.GeneratedConstructorAccessor37.newInstance(Unknown Source)
	at java.base/jdk.internal.reflect.DelegatingConstructorAccessorImpl.newInstance(DelegatingConstructorAccessorImpl.java:45)
	at java.base/java.lang.reflect.Constructor.newInstanceWithCaller(Constructor.java:499)
	at java.base/java.lang.reflect.Constructor.newInstance(Constructor.java:480)
	at org.openqa.selenium.remote.codec.w3c.W3CHttpResponseCodec.createException(W3CHttpResponseCodec.java:200)
	at org.openqa.selenium.remote.codec.w3c.W3CHttpResponseCodec.decode(W3CHttpResponseCodec.java:133)
	at org.openqa.selenium.remote.codec.w3c.W3CHttpResponseCodec.decode(W3CHttpResponseCodec.java:53)
	at org.openqa.selenium.remote.HttpCommandExecutor.execute(HttpCommandExecutor.java:184)
	at org.openqa.selenium.remote.service.DriverCommandExecutor.invokeExecute(DriverCommandExecutor.java:167)
	at org.openqa.selenium.remote.service.DriverCommandExecutor.execute(DriverCommandExecutor.java:142)
	at org.openqa.selenium.remote.RemoteWebDriver.execute(RemoteWebDriver.java:569)
	at org.openqa.selenium.remote.RemoteWebElement.execute(RemoteWebElement.java:257)
	at org.openqa.selenium.remote.RemoteWebElement.click(RemoteWebElement.java:78)
	at com.pages.DeviceType.AddDeviceTypePage.clickOnAddDeviceType(AddDeviceTypePage.java:33)
	at stepdefinitions.DeviceType.AddDeviceTypeSteps.Go_To_Add_DeviceType_Page(AddDeviceTypeSteps.java:24)
	at ✽.Go To Add DeviceType Page(file:///home/vassar-deepa/git/Stanley-Dashboard/src/test/resources/DeviceType/AddDeviceType.feature:4)
</div></td></tr></table><p class="totop"><a href="#summary">back to summary</a></p>
<h3 id="m10">testrunner.TestRunner#runScenario</h3><table class="result"><tr class="param"><th>Parameter #1</th><th>Parameter #2</th></tr><tr class="param stripe"><td>&quot;Verify Devices page&quot;</td><td>&quot;Optional[Verify Devices Page]&quot;</td></tr><tr><th colspan="2">Exception</th></tr><tr><td colspan="2"><div class="stacktrace">org.openqa.selenium.ElementNotInteractableException: element not interactable
  (Session info: chrome=108.0.5359.124)
Build info: version: &apos;4.3.0&apos;, revision: &apos;a4995e2c09*&apos;
System info: host: &apos;vassardeepa-ThinkPad-L15-Gen-3&apos;, ip: &apos;127.0.1.1&apos;, os.name: &apos;Linux&apos;, os.arch: &apos;amd64&apos;, os.version: &apos;5.15.0-56-generic&apos;, java.version: &apos;17.0.5&apos;
Driver info: org.openqa.selenium.chrome.ChromeDriver
Command: [6990cc97f4ca92f385e39e296d5df534, clickElement {id=95cb8f86-1a5d-498f-80ad-cdabaf7ae94c}]
Capabilities {acceptInsecureCerts: false, browserName: chrome, browserVersion: 108.0.5359.124, chrome: {chromedriverVersion: 108.0.5359.71 (1e0e3868ee06..., userDataDir: /tmp/.com.google.Chrome.TGcj5I}, goog:chromeOptions: {debuggerAddress: localhost:35165}, networkConnectionEnabled: false, pageLoadStrategy: normal, platformName: LINUX, proxy: Proxy(), se:cdp: ws://localhost:35165/devtoo..., se:cdpVersion: 108.0.5359.124, setWindowRect: true, strictFileInteractability: false, timeouts: {implicit: 0, pageLoad: 300000, script: 30000}, unhandledPromptBehavior: dismiss and notify, webauthn:extension:credBlob: true, webauthn:extension:largeBlob: true, webauthn:virtualAuthenticators: true}
Element: [[ChromeDriver: chrome on LINUX (6990cc97f4ca92f385e39e296d5df534)] -&gt; xpath: //a[text()=&apos; Devices&apos;]]
Session ID: 6990cc97f4ca92f385e39e296d5df534
	at java.base/jdk.internal.reflect.NativeConstructorAccessorImpl.newInstance0(Native Method)
	at java.base/jdk.internal.reflect.NativeConstructorAccessorImpl.newInstance(NativeConstructorAccessorImpl.java:77)
	at java.base/jdk.internal.reflect.DelegatingConstructorAccessorImpl.newInstance(DelegatingConstructorAccessorImpl.java:45)
	at java.base/java.lang.reflect.Constructor.newInstanceWithCaller(Constructor.java:499)
	at java.base/java.lang.reflect.Constructor.newInstance(Constructor.java:480)
	at org.openqa.selenium.remote.codec.w3c.W3CHttpResponseCodec.createException(W3CHttpResponseCodec.java:200)
	at org.openqa.selenium.remote.codec.w3c.W3CHttpResponseCodec.decode(W3CHttpResponseCodec.java:133)
	at org.openqa.selenium.remote.codec.w3c.W3CHttpResponseCodec.decode(W3CHttpResponseCodec.java:53)
	at org.openqa.selenium.remote.HttpCommandExecutor.execute(HttpCommandExecutor.java:184)
	at org.openqa.selenium.remote.service.DriverCommandExecutor.invokeExecute(DriverCommandExecutor.java:167)
	at org.openqa.selenium.remote.service.DriverCommandExecutor.execute(DriverCommandExecutor.java:142)
	at org.openqa.selenium.remote.RemoteWebDriver.execute(RemoteWebDriver.java:569)
	at org.openqa.selenium.remote.RemoteWebElement.execute(RemoteWebElement.java:257)
	at org.openqa.selenium.remote.RemoteWebElement.click(RemoteWebElement.java:78)
	at com.pages.Devices.VerifyDevicesPage.clickOnDevices_Link(VerifyDevicesPage.java:20)
	at stepdefinitions.Devices.VerifyDevicesPageSteps.user_is_on_devices_page(VerifyDevicesPageSteps.java:20)
	at ✽.user is on Devices page(file:///home/vassar-deepa/git/Stanley-Dashboard/src/test/resources/Devices/VerifyDevicesPage.feature:4)
</div></td></tr></table><p class="totop"><a href="#summary">back to summary</a></p>
<h3 id="m11">testrunner.TestRunner#runScenario</h3><table class="result"><tr class="param"><th>Parameter #1</th><th>Parameter #2</th></tr><tr class="param stripe"><td>&quot;Verify the Edit Location Type page&quot;</td><td>&quot;Optional[Validate the Edit Location type]&quot;</td></tr><tr><th colspan="2">Exception</th></tr><tr><td colspan="2"><div class="stacktrace">java.lang.AssertionError: expected [Duplicate Value Entered] but found [Entered Location Type does NOT exists in Table]
	at org.testng.Assert.fail(Assert.java:99)
	at org.testng.Assert.failNotEquals(Assert.java:1037)
	at org.testng.Assert.assertEqualsImpl(Assert.java:140)
	at org.testng.Assert.assertEquals(Assert.java:122)
	at org.testng.Assert.assertEquals(Assert.java:629)
	at org.testng.Assert.assertEquals(Assert.java:639)
	at com.pages.LocationType.EditLocationTypePage.editLocationType(EditLocationTypePage.java:160)
	at stepdefinitions.LocationType.EditLocationTypeSteps.user_edits_location_type_exp_msg(EditLocationTypeSteps.java:29)
	at ✽.User Edits Location Type &quot;Testing&quot; &quot;    &quot; &quot;Testing&quot; &quot;Device Location&quot; &quot;Vassar&quot; &quot;Duplicate Value Entered&quot;(file:///home/vassar-deepa/git/Stanley-Dashboard/src/test/resources/LocationType/EditLocationType.feature:5)
</div></td></tr></table><p class="totop"><a href="#summary">back to summary</a></p>
<h3 id="m12">testrunner.TestRunner#runScenario</h3><table class="result"><tr class="param"><th>Parameter #1</th><th>Parameter #2</th></tr><tr class="param stripe"><td>&quot;Scenario to Add DeviceType&quot;</td><td>&quot;Optional[To Add DeviceType]&quot;</td></tr><tr><th colspan="2">Exception</th></tr><tr><td colspan="2"><div class="stacktrace">org.openqa.selenium.ElementClickInterceptedException: element click intercepted: Element &lt;button _ngcontent-uva-c163=&quot;&quot; type=&quot;button&quot; class=&quot;btn btn-primary rounded-pill&quot;&gt;...&lt;/button&gt; is not clickable at point (1704, 146). Other element would receive the click: &lt;div _ngcontent-uva-c73=&quot;&quot; class=&quot;ngx-overlay ngx-position-absolute foreground-closing&quot; style=&quot;background-color: rgba(40, 40, 40, 0.8); border-radius: 0px;&quot;&gt;...&lt;/div&gt;
  (Session info: chrome=108.0.5359.124)
Build info: version: &apos;4.3.0&apos;, revision: &apos;a4995e2c09*&apos;
System info: host: &apos;vassardeepa-ThinkPad-L15-Gen-3&apos;, ip: &apos;127.0.1.1&apos;, os.name: &apos;Linux&apos;, os.arch: &apos;amd64&apos;, os.version: &apos;5.15.0-56-generic&apos;, java.version: &apos;17.0.5&apos;
Driver info: org.openqa.selenium.chrome.ChromeDriver
Command: [a634718c9e1bcb19bf507371c0e6fe61, clickElement {id=3a87d01d-fd04-4199-bce6-cc8f8708fdac}]
Capabilities {acceptInsecureCerts: false, browserName: chrome, browserVersion: 108.0.5359.124, chrome: {chromedriverVersion: 108.0.5359.71 (1e0e3868ee06..., userDataDir: /tmp/.com.google.Chrome.Y9gP1y}, goog:chromeOptions: {debuggerAddress: localhost:35265}, networkConnectionEnabled: false, pageLoadStrategy: normal, platformName: LINUX, proxy: Proxy(), se:cdp: ws://localhost:35265/devtoo..., se:cdpVersion: 108.0.5359.124, setWindowRect: true, strictFileInteractability: false, timeouts: {implicit: 0, pageLoad: 300000, script: 30000}, unhandledPromptBehavior: dismiss and notify, webauthn:extension:credBlob: true, webauthn:extension:largeBlob: true, webauthn:virtualAuthenticators: true}
Element: [[ChromeDriver: chrome on LINUX (a634718c9e1bcb19bf507371c0e6fe61)] -&gt; xpath: //button[text()=&apos;Add Device Type &apos;]]
Session ID: a634718c9e1bcb19bf507371c0e6fe61
	at jdk.internal.reflect.GeneratedConstructorAccessor37.newInstance(Unknown Source)
	at java.base/jdk.internal.reflect.DelegatingConstructorAccessorImpl.newInstance(DelegatingConstructorAccessorImpl.java:45)
	at java.base/java.lang.reflect.Constructor.newInstanceWithCaller(Constructor.java:499)
	at java.base/java.lang.reflect.Constructor.newInstance(Constructor.java:480)
	at org.openqa.selenium.remote.codec.w3c.W3CHttpResponseCodec.createException(W3CHttpResponseCodec.java:200)
	at org.openqa.selenium.remote.codec.w3c.W3CHttpResponseCodec.decode(W3CHttpResponseCodec.java:133)
	at org.openqa.selenium.remote.codec.w3c.W3CHttpResponseCodec.decode(W3CHttpResponseCodec.java:53)
	at org.openqa.selenium.remote.HttpCommandExecutor.execute(HttpCommandExecutor.java:184)
	at org.openqa.selenium.remote.service.DriverCommandExecutor.invokeExecute(DriverCommandExecutor.java:167)
	at org.openqa.selenium.remote.service.DriverCommandExecutor.execute(DriverCommandExecutor.java:142)
	at org.openqa.selenium.remote.RemoteWebDriver.execute(RemoteWebDriver.java:569)
	at org.openqa.selenium.remote.RemoteWebElement.execute(RemoteWebElement.java:257)
	at org.openqa.selenium.remote.RemoteWebElement.click(RemoteWebElement.java:78)
	at com.pages.DeviceType.AddDeviceTypePage.clickOnAddDeviceType(AddDeviceTypePage.java:33)
	at stepdefinitions.DeviceType.AddDeviceTypeSteps.Go_To_Add_DeviceType_Page(AddDeviceTypeSteps.java:24)
	at ✽.Go To Add DeviceType Page(file:///home/vassar-deepa/git/Stanley-Dashboard/src/test/resources/DeviceType/AddDeviceType.feature:4)
</div></td></tr></table><p class="totop"><a href="#summary">back to summary</a></p>
<h3 id="m13">testrunner.TestRunner#runScenario</h3><table class="result"><tr class="param"><th>Parameter #1</th><th>Parameter #2</th></tr><tr class="param stripe"><td>&quot;Validate Add Device Profile Functionality&quot;</td><td>&quot;Optional[Validate Add Device Profile Functionality]&quot;</td></tr><tr><th colspan="2">Exception</th></tr><tr><td colspan="2"><div class="stacktrace">java.lang.AssertionError: expected [Device Profile Added Successfully] but found [Submit Button is Disabled. Need to fill Mandatory fields]
	at org.testng.Assert.fail(Assert.java:99)
	at org.testng.Assert.failNotEquals(Assert.java:1037)
	at org.testng.Assert.assertEqualsImpl(Assert.java:140)
	at org.testng.Assert.assertEquals(Assert.java:122)
	at org.testng.Assert.assertEquals(Assert.java:629)
	at org.testng.Assert.assertEquals(Assert.java:639)
	at com.pages.DeviceProfile.AddDeviceProfilePage.verifyToasterMessage(AddDeviceProfilePage.java:77)
	at stepdefinitions.DeviceProfile.AddDeviceProfileSteps.verify_toaster_message_for_add_device_profile(AddDeviceProfileSteps.java:79)
	at ✽.Verify Toaster Message for Add Device Profile &quot;Device Profile Added Successfully&quot;(file:///home/vassar-deepa/git/Stanley-Dashboard/src/test/resources/DeviceProfile/AddDeviceProfile.feature:13)
</div></td></tr></table><p class="totop"><a href="#summary">back to summary</a></p>
<h3 id="m14">testrunner.TestRunner#runScenario</h3><table class="result"><tr class="param"><th>Parameter #1</th><th>Parameter #2</th></tr><tr class="param stripe"><td>&quot;Verify the Edit Location Type page&quot;</td><td>&quot;Optional[Validate the Edit Location type]&quot;</td></tr><tr><th colspan="2">Exception</th></tr><tr><td colspan="2"><div class="stacktrace">java.lang.AssertionError: expected [Location Type Edited Successfully] but found [Entered Location Type does NOT exists in Table]
	at org.testng.Assert.fail(Assert.java:99)
	at org.testng.Assert.failNotEquals(Assert.java:1037)
	at org.testng.Assert.assertEqualsImpl(Assert.java:140)
	at org.testng.Assert.assertEquals(Assert.java:122)
	at org.testng.Assert.assertEquals(Assert.java:629)
	at org.testng.Assert.assertEquals(Assert.java:639)
	at com.pages.LocationType.EditLocationTypePage.editLocationType(EditLocationTypePage.java:160)
	at stepdefinitions.LocationType.EditLocationTypeSteps.user_edits_location_type_exp_msg(EditLocationTypeSteps.java:29)
	at ✽.User Edits Location Type &quot;Test 4&quot; &quot;Testing&quot; &quot;Test&quot; &quot;Device Location&quot; &quot;Vassar&quot; &quot;Location Type Edited Successfully&quot;(file:///home/vassar-deepa/git/Stanley-Dashboard/src/test/resources/LocationType/EditLocationType.feature:5)
</div></td></tr></table><p class="totop"><a href="#summary">back to summary</a></p>
<h3 id="m15">testrunner.TestRunner#runScenario</h3><table class="result"><tr class="param"><th>Parameter #1</th><th>Parameter #2</th></tr><tr class="param stripe"><td>&quot;Scenario to Add DeviceType&quot;</td><td>&quot;Optional[To Add DeviceType]&quot;</td></tr><tr><th colspan="2">Exception</th></tr><tr><td colspan="2"><div class="stacktrace">org.openqa.selenium.ElementClickInterceptedException: element click intercepted: Element &lt;button _ngcontent-pgo-c163=&quot;&quot; type=&quot;button&quot; class=&quot;btn btn-primary rounded-pill&quot;&gt;...&lt;/button&gt; is not clickable at point (1704, 146). Other element would receive the click: &lt;div _ngcontent-pgo-c73=&quot;&quot; class=&quot;ngx-overlay ngx-position-absolute foreground-closing&quot; style=&quot;background-color: rgba(40, 40, 40, 0.8); border-radius: 0px;&quot;&gt;...&lt;/div&gt;
  (Session info: chrome=108.0.5359.124)
Build info: version: &apos;4.3.0&apos;, revision: &apos;a4995e2c09*&apos;
System info: host: &apos;vassardeepa-ThinkPad-L15-Gen-3&apos;, ip: &apos;127.0.1.1&apos;, os.name: &apos;Linux&apos;, os.arch: &apos;amd64&apos;, os.version: &apos;5.15.0-56-generic&apos;, java.version: &apos;17.0.5&apos;
Driver info: org.openqa.selenium.chrome.ChromeDriver
Command: [a22208deb24d2a571842faac2f1bf32c, clickElement {id=ac5e1be2-3059-476a-a4fe-61166c2870c6}]
Capabilities {acceptInsecureCerts: false, browserName: chrome, browserVersion: 108.0.5359.124, chrome: {chromedriverVersion: 108.0.5359.71 (1e0e3868ee06..., userDataDir: /tmp/.com.google.Chrome.O7rVvL}, goog:chromeOptions: {debuggerAddress: localhost:42609}, networkConnectionEnabled: false, pageLoadStrategy: normal, platformName: LINUX, proxy: Proxy(), se:cdp: ws://localhost:42609/devtoo..., se:cdpVersion: 108.0.5359.124, setWindowRect: true, strictFileInteractability: false, timeouts: {implicit: 0, pageLoad: 300000, script: 30000}, unhandledPromptBehavior: dismiss and notify, webauthn:extension:credBlob: true, webauthn:extension:largeBlob: true, webauthn:virtualAuthenticators: true}
Element: [[ChromeDriver: chrome on LINUX (a22208deb24d2a571842faac2f1bf32c)] -&gt; xpath: //button[text()=&apos;Add Device Type &apos;]]
Session ID: a22208deb24d2a571842faac2f1bf32c
	at jdk.internal.reflect.GeneratedConstructorAccessor37.newInstance(Unknown Source)
	at java.base/jdk.internal.reflect.DelegatingConstructorAccessorImpl.newInstance(DelegatingConstructorAccessorImpl.java:45)
	at java.base/java.lang.reflect.Constructor.newInstanceWithCaller(Constructor.java:499)
	at java.base/java.lang.reflect.Constructor.newInstance(Constructor.java:480)
	at org.openqa.selenium.remote.codec.w3c.W3CHttpResponseCodec.createException(W3CHttpResponseCodec.java:200)
	at org.openqa.selenium.remote.codec.w3c.W3CHttpResponseCodec.decode(W3CHttpResponseCodec.java:133)
	at org.openqa.selenium.remote.codec.w3c.W3CHttpResponseCodec.decode(W3CHttpResponseCodec.java:53)
	at org.openqa.selenium.remote.HttpCommandExecutor.execute(HttpCommandExecutor.java:184)
	at org.openqa.selenium.remote.service.DriverCommandExecutor.invokeExecute(DriverCommandExecutor.java:167)
	at org.openqa.selenium.remote.service.DriverCommandExecutor.execute(DriverCommandExecutor.java:142)
	at org.openqa.selenium.remote.RemoteWebDriver.execute(RemoteWebDriver.java:569)
	at org.openqa.selenium.remote.RemoteWebElement.execute(RemoteWebElement.java:257)
	at org.openqa.selenium.remote.RemoteWebElement.click(RemoteWebElement.java:78)
	at com.pages.DeviceType.AddDeviceTypePage.clickOnAddDeviceType(AddDeviceTypePage.java:33)
	at stepdefinitions.DeviceType.AddDeviceTypeSteps.Go_To_Add_DeviceType_Page(AddDeviceTypeSteps.java:24)
	at ✽.Go To Add DeviceType Page(file:///home/vassar-deepa/git/Stanley-Dashboard/src/test/resources/DeviceType/AddDeviceType.feature:4)
</div></td></tr></table><p class="totop"><a href="#summary">back to summary</a></p>
<h3 id="m16">testrunner.TestRunner#runScenario</h3><table class="result"><tr class="param"><th>Parameter #1</th><th>Parameter #2</th></tr><tr class="param stripe"><td>&quot;Validate Delete Location Type Functionality&quot;</td><td>&quot;Optional[Validate Delete Location Type Functionality]&quot;</td></tr><tr><th colspan="2">Exception</th></tr><tr><td colspan="2"><div class="stacktrace">java.lang.AssertionError: expected [Location Type Deleted Successfully] but found [Entered Location Type does NOT exists in Table]
	at org.testng.Assert.fail(Assert.java:99)
	at org.testng.Assert.failNotEquals(Assert.java:1037)
	at org.testng.Assert.assertEqualsImpl(Assert.java:140)
	at org.testng.Assert.assertEquals(Assert.java:122)
	at org.testng.Assert.assertEquals(Assert.java:629)
	at org.testng.Assert.assertEquals(Assert.java:639)
	at com.pages.LocationType.DeleteLocationTypePage.deleteLocType(DeleteLocationTypePage.java:80)
	at stepdefinitions.LocationType.DeleteLocationTypeSteps.delete_desired_location_type(DeleteLocationTypeSteps.java:15)
	at ✽.Delete desired Location Type &quot;TESTING&quot; &quot;Location Type Deleted Successfully&quot;(file:///home/vassar-deepa/git/Stanley-Dashboard/src/test/resources/LocationType/DeleteLocationType.feature:5)
</div></td></tr></table><p class="totop"><a href="#summary">back to summary</a></p>
<h3 id="m17">testrunner.TestRunner#runScenario</h3><table class="result"><tr class="param"><th>Parameter #1</th><th>Parameter #2</th></tr><tr class="param stripe"><td>&quot;Verify the Edit Location Type page&quot;</td><td>&quot;Optional[Validate the Edit Location type]&quot;</td></tr><tr><th colspan="2">Exception</th></tr><tr><td colspan="2"><div class="stacktrace">java.lang.AssertionError: expected [Submit Button is Disabled. Need to fill Mandatory fields] but found [Entered Location Type does NOT exists in Table]
	at org.testng.Assert.fail(Assert.java:99)
	at org.testng.Assert.failNotEquals(Assert.java:1037)
	at org.testng.Assert.assertEqualsImpl(Assert.java:140)
	at org.testng.Assert.assertEquals(Assert.java:122)
	at org.testng.Assert.assertEquals(Assert.java:629)
	at org.testng.Assert.assertEquals(Assert.java:639)
	at com.pages.LocationType.EditLocationTypePage.editLocationType(EditLocationTypePage.java:160)
	at stepdefinitions.LocationType.EditLocationTypeSteps.user_edits_location_type_exp_msg(EditLocationTypeSteps.java:29)
	at ✽.User Edits Location Type &quot;Testing&quot; &quot;&quot; &quot;Testing&quot; &quot;Device Location&quot; &quot;Home Depot&quot; &quot;Submit Button is Disabled. Need to fill Mandatory fields&quot;(file:///home/vassar-deepa/git/Stanley-Dashboard/src/test/resources/LocationType/EditLocationType.feature:5)
</div></td></tr></table><p class="totop"><a href="#summary">back to summary</a></p>
<h3 id="m18">testrunner.TestRunner#runScenario</h3><table class="result"><tr class="param"><th>Parameter #1</th><th>Parameter #2</th></tr><tr class="param stripe"><td>&quot;Scenario to Add DeviceType&quot;</td><td>&quot;Optional[To Add DeviceType]&quot;</td></tr><tr><th colspan="2">Exception</th></tr><tr><td colspan="2"><div class="stacktrace">org.openqa.selenium.ElementClickInterceptedException: element click intercepted: Element &lt;button _ngcontent-wyf-c163=&quot;&quot; type=&quot;button&quot; class=&quot;btn btn-primary rounded-pill&quot;&gt;...&lt;/button&gt; is not clickable at point (1704, 146). Other element would receive the click: &lt;div _ngcontent-wyf-c73=&quot;&quot; class=&quot;ngx-overlay ngx-position-absolute foreground-closing&quot; style=&quot;background-color: rgba(40, 40, 40, 0.8); border-radius: 0px;&quot;&gt;...&lt;/div&gt;
  (Session info: chrome=108.0.5359.124)
Build info: version: &apos;4.3.0&apos;, revision: &apos;a4995e2c09*&apos;
System info: host: &apos;vassardeepa-ThinkPad-L15-Gen-3&apos;, ip: &apos;127.0.1.1&apos;, os.name: &apos;Linux&apos;, os.arch: &apos;amd64&apos;, os.version: &apos;5.15.0-56-generic&apos;, java.version: &apos;17.0.5&apos;
Driver info: org.openqa.selenium.chrome.ChromeDriver
Command: [8079d5896bcb7d80ae6e05c847d2f6e8, clickElement {id=bbb958e9-c3ea-4017-a725-9846f14b97f5}]
Capabilities {acceptInsecureCerts: false, browserName: chrome, browserVersion: 108.0.5359.124, chrome: {chromedriverVersion: 108.0.5359.71 (1e0e3868ee06..., userDataDir: /tmp/.com.google.Chrome.vtgTHj}, goog:chromeOptions: {debuggerAddress: localhost:37217}, networkConnectionEnabled: false, pageLoadStrategy: normal, platformName: LINUX, proxy: Proxy(), se:cdp: ws://localhost:37217/devtoo..., se:cdpVersion: 108.0.5359.124, setWindowRect: true, strictFileInteractability: false, timeouts: {implicit: 0, pageLoad: 300000, script: 30000}, unhandledPromptBehavior: dismiss and notify, webauthn:extension:credBlob: true, webauthn:extension:largeBlob: true, webauthn:virtualAuthenticators: true}
Element: [[ChromeDriver: chrome on LINUX (8079d5896bcb7d80ae6e05c847d2f6e8)] -&gt; xpath: //button[text()=&apos;Add Device Type &apos;]]
Session ID: 8079d5896bcb7d80ae6e05c847d2f6e8
	at jdk.internal.reflect.GeneratedConstructorAccessor37.newInstance(Unknown Source)
	at java.base/jdk.internal.reflect.DelegatingConstructorAccessorImpl.newInstance(DelegatingConstructorAccessorImpl.java:45)
	at java.base/java.lang.reflect.Constructor.newInstanceWithCaller(Constructor.java:499)
	at java.base/java.lang.reflect.Constructor.newInstance(Constructor.java:480)
	at org.openqa.selenium.remote.codec.w3c.W3CHttpResponseCodec.createException(W3CHttpResponseCodec.java:200)
	at org.openqa.selenium.remote.codec.w3c.W3CHttpResponseCodec.decode(W3CHttpResponseCodec.java:133)
	at org.openqa.selenium.remote.codec.w3c.W3CHttpResponseCodec.decode(W3CHttpResponseCodec.java:53)
	at org.openqa.selenium.remote.HttpCommandExecutor.execute(HttpCommandExecutor.java:184)
	at org.openqa.selenium.remote.service.DriverCommandExecutor.invokeExecute(DriverCommandExecutor.java:167)
	at org.openqa.selenium.remote.service.DriverCommandExecutor.execute(DriverCommandExecutor.java:142)
	at org.openqa.selenium.remote.RemoteWebDriver.execute(RemoteWebDriver.java:569)
	at org.openqa.selenium.remote.RemoteWebElement.execute(RemoteWebElement.java:257)
	at org.openqa.selenium.remote.RemoteWebElement.click(RemoteWebElement.java:78)
	at com.pages.DeviceType.AddDeviceTypePage.clickOnAddDeviceType(AddDeviceTypePage.java:33)
	at stepdefinitions.DeviceType.AddDeviceTypeSteps.Go_To_Add_DeviceType_Page(AddDeviceTypeSteps.java:24)
	at ✽.Go To Add DeviceType Page(file:///home/vassar-deepa/git/Stanley-Dashboard/src/test/resources/DeviceType/AddDeviceType.feature:4)
</div></td></tr></table><p class="totop"><a href="#summary">back to summary</a></p>
<h3 id="m19">testrunner.TestRunner#runScenario</h3><table class="result"><tr class="param"><th>Parameter #1</th><th>Parameter #2</th></tr><tr class="param stripe"><td>&quot;Validate Add Device Profile Functionality&quot;</td><td>&quot;Optional[Validate Add Device Profile Functionality]&quot;</td></tr><tr><th colspan="2">Exception</th></tr><tr><td colspan="2"><div class="stacktrace">java.lang.AssertionError: expected [Duplicate Value Entered] but found [Submit Button is Disabled. Need to fill Mandatory fields]
	at org.testng.Assert.fail(Assert.java:99)
	at org.testng.Assert.failNotEquals(Assert.java:1037)
	at org.testng.Assert.assertEqualsImpl(Assert.java:140)
	at org.testng.Assert.assertEquals(Assert.java:122)
	at org.testng.Assert.assertEquals(Assert.java:629)
	at org.testng.Assert.assertEquals(Assert.java:639)
	at com.pages.DeviceProfile.AddDeviceProfilePage.verifyToasterMessage(AddDeviceProfilePage.java:77)
	at stepdefinitions.DeviceProfile.AddDeviceProfileSteps.verify_toaster_message_for_add_device_profile(AddDeviceProfileSteps.java:79)
	at ✽.Verify Toaster Message for Add Device Profile &quot;Duplicate Value Entered&quot;(file:///home/vassar-deepa/git/Stanley-Dashboard/src/test/resources/DeviceProfile/AddDeviceProfile.feature:13)
</div></td></tr></table><p class="totop"><a href="#summary">back to summary</a></p>
<h3 id="m20">testrunner.TestRunner#runScenario</h3><table class="result"><tr class="param"><th>Parameter #1</th><th>Parameter #2</th></tr><tr class="param stripe"><td>&quot;Validate Add Device Profile Functionality&quot;</td><td>&quot;Optional[Validate Add Device Profile Functionality]&quot;</td></tr><tr><th colspan="2">Exception</th></tr><tr><td colspan="2"><div class="stacktrace">java.lang.AssertionError: expected [Duplicate Value Entered] but found [Submit Button is Disabled. Need to fill Mandatory fields]
	at org.testng.Assert.fail(Assert.java:99)
	at org.testng.Assert.failNotEquals(Assert.java:1037)
	at org.testng.Assert.assertEqualsImpl(Assert.java:140)
	at org.testng.Assert.assertEquals(Assert.java:122)
	at org.testng.Assert.assertEquals(Assert.java:629)
	at org.testng.Assert.assertEquals(Assert.java:639)
	at com.pages.DeviceProfile.AddDeviceProfilePage.verifyToasterMessage(AddDeviceProfilePage.java:77)
	at stepdefinitions.DeviceProfile.AddDeviceProfileSteps.verify_toaster_message_for_add_device_profile(AddDeviceProfileSteps.java:79)
	at ✽.Verify Toaster Message for Add Device Profile &quot;Duplicate Value Entered&quot;(file:///home/vassar-deepa/git/Stanley-Dashboard/src/test/resources/DeviceProfile/AddDeviceProfile.feature:13)
</div></td></tr></table><p class="totop"><a href="#summary">back to summary</a></p>
<h3 id="m21">testrunner.TestRunner#runScenario</h3><table class="result"><tr class="param"><th>Parameter #1</th><th>Parameter #2</th></tr><tr class="param stripe"><td>&quot;Validate Add Device Profile Functionality&quot;</td><td>&quot;Optional[Validate Add Device Profile Functionality]&quot;</td></tr><tr><th colspan="2">Exception</th></tr><tr><td colspan="2"><div class="stacktrace">java.lang.AssertionError: expected [Duplicate Value Entered] but found [Submit Button is Disabled. Need to fill Mandatory fields]
	at org.testng.Assert.fail(Assert.java:99)
	at org.testng.Assert.failNotEquals(Assert.java:1037)
	at org.testng.Assert.assertEqualsImpl(Assert.java:140)
	at org.testng.Assert.assertEquals(Assert.java:122)
	at org.testng.Assert.assertEquals(Assert.java:629)
	at org.testng.Assert.assertEquals(Assert.java:639)
	at com.pages.DeviceProfile.AddDeviceProfilePage.verifyToasterMessage(AddDeviceProfilePage.java:77)
	at stepdefinitions.DeviceProfile.AddDeviceProfileSteps.verify_toaster_message_for_add_device_profile(AddDeviceProfileSteps.java:79)
	at ✽.Verify Toaster Message for Add Device Profile &quot;Duplicate Value Entered&quot;(file:///home/vassar-deepa/git/Stanley-Dashboard/src/test/resources/DeviceProfile/AddDeviceProfile.feature:13)
</div></td></tr></table><p class="totop"><a href="#summary">back to summary</a></p>
<h3 id="m22">testrunner.TestRunner#runScenario</h3><table class="result"><tr class="param"><th>Parameter #1</th><th>Parameter #2</th></tr><tr class="param stripe"><td>&quot;Verify the Edit Location Type page&quot;</td><td>&quot;Optional[Validate the Edit Location type]&quot;</td></tr><tr><th colspan="2">Exception</th></tr><tr><td colspan="2"><div class="stacktrace">java.lang.AssertionError: expected [Submit Button is Disabled. Need to fill Mandatory fields] but found [Entered Location Type does NOT exists in Table]
	at org.testng.Assert.fail(Assert.java:99)
	at org.testng.Assert.failNotEquals(Assert.java:1037)
	at org.testng.Assert.assertEqualsImpl(Assert.java:140)
	at org.testng.Assert.assertEquals(Assert.java:122)
	at org.testng.Assert.assertEquals(Assert.java:629)
	at org.testng.Assert.assertEquals(Assert.java:639)
	at com.pages.LocationType.EditLocationTypePage.editLocationType(EditLocationTypePage.java:160)
	at stepdefinitions.LocationType.EditLocationTypeSteps.user_edits_location_type_exp_msg(EditLocationTypeSteps.java:29)
	at ✽.User Edits Location Type &quot;Testing&quot; &quot;Testing&quot; &quot;&quot; &quot;Device Location&quot; &quot;Home Depot&quot; &quot;Submit Button is Disabled. Need to fill Mandatory fields&quot;(file:///home/vassar-deepa/git/Stanley-Dashboard/src/test/resources/LocationType/EditLocationType.feature:5)
</div></td></tr></table><p class="totop"><a href="#summary">back to summary</a></p>
<h3 id="m23">testrunner.TestRunner#runScenario</h3><table class="result"><tr class="param"><th>Parameter #1</th><th>Parameter #2</th></tr><tr class="param stripe"><td>&quot;Verify the Edit Location Type page&quot;</td><td>&quot;Optional[Validate the Edit Location type]&quot;</td></tr><tr><th colspan="2">Exception</th></tr><tr><td colspan="2"><div class="stacktrace">java.lang.AssertionError: expected [Duplicate Value Entered] but found [Entered Location Type does NOT exists in Table]
	at org.testng.Assert.fail(Assert.java:99)
	at org.testng.Assert.failNotEquals(Assert.java:1037)
	at org.testng.Assert.assertEqualsImpl(Assert.java:140)
	at org.testng.Assert.assertEquals(Assert.java:122)
	at org.testng.Assert.assertEquals(Assert.java:629)
	at org.testng.Assert.assertEquals(Assert.java:639)
	at com.pages.LocationType.EditLocationTypePage.editLocationType(EditLocationTypePage.java:160)
	at stepdefinitions.LocationType.EditLocationTypeSteps.user_edits_location_type_exp_msg(EditLocationTypeSteps.java:29)
	at ✽.User Edits Location Type &quot;Testing&quot; &quot;    &quot; &quot;    &quot; &quot;Device Location&quot; &quot;Vassar&quot; &quot;Duplicate Value Entered&quot;(file:///home/vassar-deepa/git/Stanley-Dashboard/src/test/resources/LocationType/EditLocationType.feature:5)
</div></td></tr></table><p class="totop"><a href="#summary">back to summary</a></p>
<h3 id="m24">testrunner.TestRunner#runScenario</h3><table class="result"><tr class="param"><th>Parameter #1</th><th>Parameter #2</th></tr><tr class="param stripe"><td>&quot;Scenario to Add DeviceType&quot;</td><td>&quot;Optional[To Add DeviceType]&quot;</td></tr><tr><th colspan="2">Exception</th></tr><tr><td colspan="2"><div class="stacktrace">org.openqa.selenium.ElementClickInterceptedException: element click intercepted: Element &lt;button _ngcontent-ylc-c163=&quot;&quot; type=&quot;button&quot; class=&quot;btn btn-primary rounded-pill&quot;&gt;...&lt;/button&gt; is not clickable at point (1704, 146). Other element would receive the click: &lt;div _ngcontent-ylc-c73=&quot;&quot; class=&quot;ngx-overlay ngx-position-absolute foreground-closing&quot; style=&quot;background-color: rgba(40, 40, 40, 0.8); border-radius: 0px;&quot;&gt;...&lt;/div&gt;
  (Session info: chrome=108.0.5359.124)
Build info: version: &apos;4.3.0&apos;, revision: &apos;a4995e2c09*&apos;
System info: host: &apos;vassardeepa-ThinkPad-L15-Gen-3&apos;, ip: &apos;127.0.1.1&apos;, os.name: &apos;Linux&apos;, os.arch: &apos;amd64&apos;, os.version: &apos;5.15.0-56-generic&apos;, java.version: &apos;17.0.5&apos;
Driver info: org.openqa.selenium.chrome.ChromeDriver
Command: [f93571883ca2a1a293c4fef6b5a1adac, clickElement {id=476a30d1-c1ba-46f7-b9f5-45480e3eb3c2}]
Capabilities {acceptInsecureCerts: false, browserName: chrome, browserVersion: 108.0.5359.124, chrome: {chromedriverVersion: 108.0.5359.71 (1e0e3868ee06..., userDataDir: /tmp/.com.google.Chrome.7rtgTo}, goog:chromeOptions: {debuggerAddress: localhost:46525}, networkConnectionEnabled: false, pageLoadStrategy: normal, platformName: LINUX, proxy: Proxy(), se:cdp: ws://localhost:46525/devtoo..., se:cdpVersion: 108.0.5359.124, setWindowRect: true, strictFileInteractability: false, timeouts: {implicit: 0, pageLoad: 300000, script: 30000}, unhandledPromptBehavior: dismiss and notify, webauthn:extension:credBlob: true, webauthn:extension:largeBlob: true, webauthn:virtualAuthenticators: true}
Element: [[ChromeDriver: chrome on LINUX (f93571883ca2a1a293c4fef6b5a1adac)] -&gt; xpath: //button[text()=&apos;Add Device Type &apos;]]
Session ID: f93571883ca2a1a293c4fef6b5a1adac
	at jdk.internal.reflect.GeneratedConstructorAccessor37.newInstance(Unknown Source)
	at java.base/jdk.internal.reflect.DelegatingConstructorAccessorImpl.newInstance(DelegatingConstructorAccessorImpl.java:45)
	at java.base/java.lang.reflect.Constructor.newInstanceWithCaller(Constructor.java:499)
	at java.base/java.lang.reflect.Constructor.newInstance(Constructor.java:480)
	at org.openqa.selenium.remote.codec.w3c.W3CHttpResponseCodec.createException(W3CHttpResponseCodec.java:200)
	at org.openqa.selenium.remote.codec.w3c.W3CHttpResponseCodec.decode(W3CHttpResponseCodec.java:133)
	at org.openqa.selenium.remote.codec.w3c.W3CHttpResponseCodec.decode(W3CHttpResponseCodec.java:53)
	at org.openqa.selenium.remote.HttpCommandExecutor.execute(HttpCommandExecutor.java:184)
	at org.openqa.selenium.remote.service.DriverCommandExecutor.invokeExecute(DriverCommandExecutor.java:167)
	at org.openqa.selenium.remote.service.DriverCommandExecutor.execute(DriverCommandExecutor.java:142)
	at org.openqa.selenium.remote.RemoteWebDriver.execute(RemoteWebDriver.java:569)
	at org.openqa.selenium.remote.RemoteWebElement.execute(RemoteWebElement.java:257)
	at org.openqa.selenium.remote.RemoteWebElement.click(RemoteWebElement.java:78)
	at com.pages.DeviceType.AddDeviceTypePage.clickOnAddDeviceType(AddDeviceTypePage.java:33)
	at stepdefinitions.DeviceType.AddDeviceTypeSteps.Go_To_Add_DeviceType_Page(AddDeviceTypeSteps.java:24)
	at ✽.Go To Add DeviceType Page(file:///home/vassar-deepa/git/Stanley-Dashboard/src/test/resources/DeviceType/AddDeviceType.feature:4)
</div></td></tr></table><p class="totop"><a href="#summary">back to summary</a></p>
<h3 id="m25">testrunner.TestRunner#runScenario</h3><table class="result"><tr class="param"><th>Parameter #1</th><th>Parameter #2</th></tr><tr class="param stripe"><td>&quot;Validate Delete Location Type Functionality&quot;</td><td>&quot;Optional[Validate Delete Location Type Functionality]&quot;</td></tr><tr><th colspan="2">Exception</th></tr><tr><td colspan="2"><div class="stacktrace">java.lang.AssertionError: expected [Location Type Deleted Successfully] but found [Entered Location Type does NOT exists in Table]
	at org.testng.Assert.fail(Assert.java:99)
	at org.testng.Assert.failNotEquals(Assert.java:1037)
	at org.testng.Assert.assertEqualsImpl(Assert.java:140)
	at org.testng.Assert.assertEquals(Assert.java:122)
	at org.testng.Assert.assertEquals(Assert.java:629)
	at org.testng.Assert.assertEquals(Assert.java:639)
	at com.pages.LocationType.DeleteLocationTypePage.deleteLocType(DeleteLocationTypePage.java:80)
	at stepdefinitions.LocationType.DeleteLocationTypeSteps.delete_desired_location_type(DeleteLocationTypeSteps.java:15)
	at ✽.Delete desired Location Type &quot;Testing Description field&quot; &quot;Location Type Deleted Successfully&quot;(file:///home/vassar-deepa/git/Stanley-Dashboard/src/test/resources/LocationType/DeleteLocationType.feature:5)
</div></td></tr></table><p class="totop"><a href="#summary">back to summary</a></p>
<h3 id="m26">testrunner.TestRunner#runScenario</h3><table class="result"><tr class="param"><th>Parameter #1</th><th>Parameter #2</th></tr><tr class="param stripe"><td>&quot;Verify the Edit Location Type page&quot;</td><td>&quot;Optional[Validate the Edit Location type]&quot;</td></tr><tr><th colspan="2">Exception</th></tr><tr><td colspan="2"><div class="stacktrace">java.lang.AssertionError: expected [Submit Button is Disabled. Need to fill Mandatory fields] but found [Entered Location Type does NOT exists in Table]
	at org.testng.Assert.fail(Assert.java:99)
	at org.testng.Assert.failNotEquals(Assert.java:1037)
	at org.testng.Assert.assertEqualsImpl(Assert.java:140)
	at org.testng.Assert.assertEquals(Assert.java:122)
	at org.testng.Assert.assertEquals(Assert.java:629)
	at org.testng.Assert.assertEquals(Assert.java:639)
	at com.pages.LocationType.EditLocationTypePage.editLocationType(EditLocationTypePage.java:160)
	at stepdefinitions.LocationType.EditLocationTypeSteps.user_edits_location_type_exp_msg(EditLocationTypeSteps.java:29)
	at ✽.User Edits Location Type &quot;Testing&quot; &quot;&quot; &quot;&quot; &quot;Device Location&quot; &quot;Home Depot&quot; &quot;Submit Button is Disabled. Need to fill Mandatory fields&quot;(file:///home/vassar-deepa/git/Stanley-Dashboard/src/test/resources/LocationType/EditLocationType.feature:5)
</div></td></tr></table><p class="totop"><a href="#summary">back to summary</a></p>
<h3 id="m27">testrunner.TestRunner#runScenario</h3><table class="result"><tr class="param"><th>Parameter #1</th><th>Parameter #2</th></tr><tr class="param stripe"><td>&quot;Validate Add Device Profile Functionality&quot;</td><td>&quot;Optional[Validate Add Device Profile Functionality]&quot;</td></tr><tr><th colspan="2">Exception</th></tr><tr><td colspan="2"><div class="stacktrace">java.lang.AssertionError: expected [Device Profile Added Successfully] but found [Duplicate Value Entered]
	at org.testng.Assert.fail(Assert.java:99)
	at org.testng.Assert.failNotEquals(Assert.java:1037)
	at org.testng.Assert.assertEqualsImpl(Assert.java:140)
	at org.testng.Assert.assertEquals(Assert.java:122)
	at org.testng.Assert.assertEquals(Assert.java:629)
	at org.testng.Assert.assertEquals(Assert.java:639)
	at com.pages.DeviceProfile.AddDeviceProfilePage.verifyToasterMessage(AddDeviceProfilePage.java:74)
	at stepdefinitions.DeviceProfile.AddDeviceProfileSteps.verify_toaster_message_for_add_device_profile(AddDeviceProfileSteps.java:79)
	at ✽.Verify Toaster Message for Add Device Profile &quot;Device Profile Added Successfully&quot;(file:///home/vassar-deepa/git/Stanley-Dashboard/src/test/resources/DeviceProfile/AddDeviceProfile.feature:13)
</div></td></tr></table><p class="totop"><a href="#summary">back to summary</a></p>
<h3 id="m28">testrunner.TestRunner#runScenario</h3><table class="result"><tr class="param"><th>Parameter #1</th><th>Parameter #2</th></tr><tr class="param stripe"><td>&quot;Scenario to Add DeviceType&quot;</td><td>&quot;Optional[To Add DeviceType]&quot;</td></tr><tr><th colspan="2">Exception</th></tr><tr><td colspan="2"><div class="stacktrace">org.openqa.selenium.ElementClickInterceptedException: element click intercepted: Element &lt;button _ngcontent-ibl-c163=&quot;&quot; type=&quot;button&quot; class=&quot;btn btn-primary rounded-pill&quot;&gt;...&lt;/button&gt; is not clickable at point (1704, 146). Other element would receive the click: &lt;div _ngcontent-ibl-c73=&quot;&quot; class=&quot;ngx-overlay ngx-position-absolute foreground-closing&quot; style=&quot;background-color: rgba(40, 40, 40, 0.8); border-radius: 0px;&quot;&gt;...&lt;/div&gt;
  (Session info: chrome=108.0.5359.124)
Build info: version: &apos;4.3.0&apos;, revision: &apos;a4995e2c09*&apos;
System info: host: &apos;vassardeepa-ThinkPad-L15-Gen-3&apos;, ip: &apos;127.0.1.1&apos;, os.name: &apos;Linux&apos;, os.arch: &apos;amd64&apos;, os.version: &apos;5.15.0-56-generic&apos;, java.version: &apos;17.0.5&apos;
Driver info: org.openqa.selenium.chrome.ChromeDriver
Command: [4e5c5f66720cef692fe7235394b010b7, clickElement {id=164c09df-c972-405e-9427-e530650cf4e5}]
Capabilities {acceptInsecureCerts: false, browserName: chrome, browserVersion: 108.0.5359.124, chrome: {chromedriverVersion: 108.0.5359.71 (1e0e3868ee06..., userDataDir: /tmp/.com.google.Chrome.jlecdf}, goog:chromeOptions: {debuggerAddress: localhost:38783}, networkConnectionEnabled: false, pageLoadStrategy: normal, platformName: LINUX, proxy: Proxy(), se:cdp: ws://localhost:38783/devtoo..., se:cdpVersion: 108.0.5359.124, setWindowRect: true, strictFileInteractability: false, timeouts: {implicit: 0, pageLoad: 300000, script: 30000}, unhandledPromptBehavior: dismiss and notify, webauthn:extension:credBlob: true, webauthn:extension:largeBlob: true, webauthn:virtualAuthenticators: true}
Element: [[ChromeDriver: chrome on LINUX (4e5c5f66720cef692fe7235394b010b7)] -&gt; xpath: //button[text()=&apos;Add Device Type &apos;]]
Session ID: 4e5c5f66720cef692fe7235394b010b7
	at jdk.internal.reflect.GeneratedConstructorAccessor37.newInstance(Unknown Source)
	at java.base/jdk.internal.reflect.DelegatingConstructorAccessorImpl.newInstance(DelegatingConstructorAccessorImpl.java:45)
	at java.base/java.lang.reflect.Constructor.newInstanceWithCaller(Constructor.java:499)
	at java.base/java.lang.reflect.Constructor.newInstance(Constructor.java:480)
	at org.openqa.selenium.remote.codec.w3c.W3CHttpResponseCodec.createException(W3CHttpResponseCodec.java:200)
	at org.openqa.selenium.remote.codec.w3c.W3CHttpResponseCodec.decode(W3CHttpResponseCodec.java:133)
	at org.openqa.selenium.remote.codec.w3c.W3CHttpResponseCodec.decode(W3CHttpResponseCodec.java:53)
	at org.openqa.selenium.remote.HttpCommandExecutor.execute(HttpCommandExecutor.java:184)
	at org.openqa.selenium.remote.service.DriverCommandExecutor.invokeExecute(DriverCommandExecutor.java:167)
	at org.openqa.selenium.remote.service.DriverCommandExecutor.execute(DriverCommandExecutor.java:142)
	at org.openqa.selenium.remote.RemoteWebDriver.execute(RemoteWebDriver.java:569)
	at org.openqa.selenium.remote.RemoteWebElement.execute(RemoteWebElement.java:257)
	at org.openqa.selenium.remote.RemoteWebElement.click(RemoteWebElement.java:78)
	at com.pages.DeviceType.AddDeviceTypePage.clickOnAddDeviceType(AddDeviceTypePage.java:33)
	at stepdefinitions.DeviceType.AddDeviceTypeSteps.Go_To_Add_DeviceType_Page(AddDeviceTypeSteps.java:24)
	at ✽.Go To Add DeviceType Page(file:///home/vassar-deepa/git/Stanley-Dashboard/src/test/resources/DeviceType/AddDeviceType.feature:4)
</div></td></tr></table><p class="totop"><a href="#summary">back to summary</a></p>
<h3 id="m29">testrunner.TestRunner#runScenario</h3><table class="result"><tr class="param"><th>Parameter #1</th><th>Parameter #2</th></tr><tr class="param stripe"><td>&quot;Validate Add Device Profile Functionality&quot;</td><td>&quot;Optional[Validate Add Device Profile Functionality]&quot;</td></tr><tr><th colspan="2">Exception</th></tr><tr><td colspan="2"><div class="stacktrace">org.openqa.selenium.InvalidArgumentException: invalid argument: File not found : /home/vassar-deepa/Downloads/DoorTypeDD.png
  (Session info: chrome=108.0.5359.124)
Build info: version: &apos;4.3.0&apos;, revision: &apos;a4995e2c09*&apos;
System info: host: &apos;vassardeepa-ThinkPad-L15-Gen-3&apos;, ip: &apos;127.0.1.1&apos;, os.name: &apos;Linux&apos;, os.arch: &apos;amd64&apos;, os.version: &apos;5.15.0-56-generic&apos;, java.version: &apos;17.0.5&apos;
Driver info: org.openqa.selenium.chrome.ChromeDriver
Command: [a005c8029947126a0dceb77427e96951, sendKeysToElement {id=cd0f1bd3-5fe0-4fea-84cf-ce4c0ea573ca, value=[Ljava.lang.CharSequence;@7976d382}]
Capabilities {acceptInsecureCerts: false, browserName: chrome, browserVersion: 108.0.5359.124, chrome: {chromedriverVersion: 108.0.5359.71 (1e0e3868ee06..., userDataDir: /tmp/.com.google.Chrome.ohr8Vy}, goog:chromeOptions: {debuggerAddress: localhost:43293}, networkConnectionEnabled: false, pageLoadStrategy: normal, platformName: LINUX, proxy: Proxy(), se:cdp: ws://localhost:43293/devtoo..., se:cdpVersion: 108.0.5359.124, setWindowRect: true, strictFileInteractability: false, timeouts: {implicit: 0, pageLoad: 300000, script: 30000}, unhandledPromptBehavior: dismiss and notify, webauthn:extension:credBlob: true, webauthn:extension:largeBlob: true, webauthn:virtualAuthenticators: true}
Element: [[ChromeDriver: chrome on LINUX (a005c8029947126a0dceb77427e96951)] -&gt; xpath: //input[@formcontrolname=&apos;data_command_group_json&apos;]]
Session ID: a005c8029947126a0dceb77427e96951
	at java.base/jdk.internal.reflect.NativeConstructorAccessorImpl.newInstance0(Native Method)
	at java.base/jdk.internal.reflect.NativeConstructorAccessorImpl.newInstance(NativeConstructorAccessorImpl.java:77)
	at java.base/jdk.internal.reflect.DelegatingConstructorAccessorImpl.newInstance(DelegatingConstructorAccessorImpl.java:45)
	at java.base/java.lang.reflect.Constructor.newInstanceWithCaller(Constructor.java:499)
	at java.base/java.lang.reflect.Constructor.newInstance(Constructor.java:480)
	at org.openqa.selenium.remote.codec.w3c.W3CHttpResponseCodec.createException(W3CHttpResponseCodec.java:200)
	at org.openqa.selenium.remote.codec.w3c.W3CHttpResponseCodec.decode(W3CHttpResponseCodec.java:133)
	at org.openqa.selenium.remote.codec.w3c.W3CHttpResponseCodec.decode(W3CHttpResponseCodec.java:53)
	at org.openqa.selenium.remote.HttpCommandExecutor.execute(HttpCommandExecutor.java:184)
	at org.openqa.selenium.remote.service.DriverCommandExecutor.invokeExecute(DriverCommandExecutor.java:167)
	at org.openqa.selenium.remote.service.DriverCommandExecutor.execute(DriverCommandExecutor.java:142)
	at org.openqa.selenium.remote.RemoteWebDriver.execute(RemoteWebDriver.java:569)
	at org.openqa.selenium.remote.RemoteWebElement.execute(RemoteWebElement.java:257)
	at org.openqa.selenium.remote.RemoteWebElement.sendKeys(RemoteWebElement.java:113)
	at com.pages.DeviceProfile.AddDeviceProfilePage.uploadDataCmdGrpJson(AddDeviceProfilePage.java:56)
	at stepdefinitions.DeviceProfile.AddDeviceProfileSteps.upload_data_command_group_json(AddDeviceProfileSteps.java:62)
	at ✽.Upload Data Command Group JSON &quot;/home/vassar-deepa/Downloads/DoorTypeDD.png&quot;(file:///home/vassar-deepa/git/Stanley-Dashboard/src/test/resources/DeviceProfile/AddDeviceProfile.feature:10)
</div></td></tr></table><p class="totop"><a href="#summary">back to summary</a></p>
<h3 id="m30">testrunner.TestRunner#runScenario</h3><table class="result"><tr class="param"><th>Parameter #1</th><th>Parameter #2</th></tr><tr class="param stripe"><td>&quot;Verify the Edit Location Type page&quot;</td><td>&quot;Optional[Validate the Edit Location type]&quot;</td></tr><tr><th colspan="2">Exception</th></tr><tr><td colspan="2"><div class="stacktrace">java.lang.AssertionError: expected [Location Type Edited Successfully] but found [Entered Location Type does NOT exists in Table]
	at org.testng.Assert.fail(Assert.java:99)
	at org.testng.Assert.failNotEquals(Assert.java:1037)
	at org.testng.Assert.assertEqualsImpl(Assert.java:140)
	at org.testng.Assert.assertEquals(Assert.java:122)
	at org.testng.Assert.assertEquals(Assert.java:629)
	at org.testng.Assert.assertEquals(Assert.java:639)
	at com.pages.LocationType.EditLocationTypePage.editLocationType(EditLocationTypePage.java:160)
	at stepdefinitions.LocationType.EditLocationTypeSteps.user_edits_location_type_exp_msg(EditLocationTypeSteps.java:29)
	at ✽.User Edits Location Type &quot;Testing&quot; &quot;Test 4&quot; &quot;Testing&quot; &quot;Device Location&quot; &quot;Walmart&quot; &quot;Location Type Edited Successfully&quot;(file:///home/vassar-deepa/git/Stanley-Dashboard/src/test/resources/LocationType/EditLocationType.feature:5)
</div></td></tr></table><p class="totop"><a href="#summary">back to summary</a></p>
<h3 id="m31">testrunner.TestRunner#runScenario</h3><table class="result"><tr class="param"><th>Parameter #1</th><th>Parameter #2</th></tr><tr class="param stripe"><td>&quot;Validate Add Device Profile Functionality&quot;</td><td>&quot;Optional[Validate Add Device Profile Functionality]&quot;</td></tr><tr><th colspan="2">Exception</th></tr><tr><td colspan="2"><div class="stacktrace">java.lang.AssertionError: expected [Duplicate Value Entered] but found [Submit Button is Disabled. Need to fill Mandatory fields]
	at org.testng.Assert.fail(Assert.java:99)
	at org.testng.Assert.failNotEquals(Assert.java:1037)
	at org.testng.Assert.assertEqualsImpl(Assert.java:140)
	at org.testng.Assert.assertEquals(Assert.java:122)
	at org.testng.Assert.assertEquals(Assert.java:629)
	at org.testng.Assert.assertEquals(Assert.java:639)
	at com.pages.DeviceProfile.AddDeviceProfilePage.verifyToasterMessage(AddDeviceProfilePage.java:77)
	at stepdefinitions.DeviceProfile.AddDeviceProfileSteps.verify_toaster_message_for_add_device_profile(AddDeviceProfileSteps.java:79)
	at ✽.Verify Toaster Message for Add Device Profile &quot;Duplicate Value Entered&quot;(file:///home/vassar-deepa/git/Stanley-Dashboard/src/test/resources/DeviceProfile/AddDeviceProfile.feature:13)
</div></td></tr></table><p class="totop"><a href="#summary">back to summary</a></p>
<h3 id="m32">testrunner.TestRunner#runScenario</h3><table class="result"><tr class="param"><th>Parameter #1</th><th>Parameter #2</th></tr><tr class="param stripe"><td>&quot;Validate Add Device Profile Functionality&quot;</td><td>&quot;Optional[Validate Add Device Profile Functionality]&quot;</td></tr><tr><th colspan="2">Exception</th></tr><tr><td colspan="2"><div class="stacktrace">java.lang.AssertionError: expected [Device Profile Added Successfully] but found [Duplicate Value Entered]
	at org.testng.Assert.fail(Assert.java:99)
	at org.testng.Assert.failNotEquals(Assert.java:1037)
	at org.testng.Assert.assertEqualsImpl(Assert.java:140)
	at org.testng.Assert.assertEquals(Assert.java:122)
	at org.testng.Assert.assertEquals(Assert.java:629)
	at org.testng.Assert.assertEquals(Assert.java:639)
	at com.pages.DeviceProfile.AddDeviceProfilePage.verifyToasterMessage(AddDeviceProfilePage.java:74)
	at stepdefinitions.DeviceProfile.AddDeviceProfileSteps.verify_toaster_message_for_add_device_profile(AddDeviceProfileSteps.java:79)
	at ✽.Verify Toaster Message for Add Device Profile &quot;Device Profile Added Successfully&quot;(file:///home/vassar-deepa/git/Stanley-Dashboard/src/test/resources/DeviceProfile/AddDeviceProfile.feature:13)
</div></td></tr></table><p class="totop"><a href="#summary">back to summary</a></p>
<h3 id="m33">testrunner.TestRunner#runScenario</h3><table class="result"><tr class="param"><th>Parameter #1</th><th>Parameter #2</th></tr><tr class="param stripe"><td>&quot;Scenario to Add DeviceType&quot;</td><td>&quot;Optional[To Add DeviceType]&quot;</td></tr><tr><th colspan="2">Exception</th></tr><tr><td colspan="2"><div class="stacktrace">org.openqa.selenium.ElementClickInterceptedException: element click intercepted: Element &lt;button _ngcontent-irb-c163=&quot;&quot; type=&quot;button&quot; class=&quot;btn btn-primary rounded-pill&quot;&gt;...&lt;/button&gt; is not clickable at point (1704, 146). Other element would receive the click: &lt;div _ngcontent-irb-c73=&quot;&quot; class=&quot;ngx-overlay ngx-position-absolute foreground-closing&quot; style=&quot;background-color: rgba(40, 40, 40, 0.8); border-radius: 0px;&quot;&gt;...&lt;/div&gt;
  (Session info: chrome=108.0.5359.124)
Build info: version: &apos;4.3.0&apos;, revision: &apos;a4995e2c09*&apos;
System info: host: &apos;vassardeepa-ThinkPad-L15-Gen-3&apos;, ip: &apos;127.0.1.1&apos;, os.name: &apos;Linux&apos;, os.arch: &apos;amd64&apos;, os.version: &apos;5.15.0-56-generic&apos;, java.version: &apos;17.0.5&apos;
Driver info: org.openqa.selenium.chrome.ChromeDriver
Command: [03ab6741baa61526c993509d262d042d, clickElement {id=4f9699cd-c776-435d-8db2-1ff26adaa53c}]
Capabilities {acceptInsecureCerts: false, browserName: chrome, browserVersion: 108.0.5359.124, chrome: {chromedriverVersion: 108.0.5359.71 (1e0e3868ee06..., userDataDir: /tmp/.com.google.Chrome.NjB1u8}, goog:chromeOptions: {debuggerAddress: localhost:37923}, networkConnectionEnabled: false, pageLoadStrategy: normal, platformName: LINUX, proxy: Proxy(), se:cdp: ws://localhost:37923/devtoo..., se:cdpVersion: 108.0.5359.124, setWindowRect: true, strictFileInteractability: false, timeouts: {implicit: 0, pageLoad: 300000, script: 30000}, unhandledPromptBehavior: dismiss and notify, webauthn:extension:credBlob: true, webauthn:extension:largeBlob: true, webauthn:virtualAuthenticators: true}
Element: [[ChromeDriver: chrome on LINUX (03ab6741baa61526c993509d262d042d)] -&gt; xpath: //button[text()=&apos;Add Device Type &apos;]]
Session ID: 03ab6741baa61526c993509d262d042d
	at jdk.internal.reflect.GeneratedConstructorAccessor37.newInstance(Unknown Source)
	at java.base/jdk.internal.reflect.DelegatingConstructorAccessorImpl.newInstance(DelegatingConstructorAccessorImpl.java:45)
	at java.base/java.lang.reflect.Constructor.newInstanceWithCaller(Constructor.java:499)
	at java.base/java.lang.reflect.Constructor.newInstance(Constructor.java:480)
	at org.openqa.selenium.remote.codec.w3c.W3CHttpResponseCodec.createException(W3CHttpResponseCodec.java:200)
	at org.openqa.selenium.remote.codec.w3c.W3CHttpResponseCodec.decode(W3CHttpResponseCodec.java:133)
	at org.openqa.selenium.remote.codec.w3c.W3CHttpResponseCodec.decode(W3CHttpResponseCodec.java:53)
	at org.openqa.selenium.remote.HttpCommandExecutor.execute(HttpCommandExecutor.java:184)
	at org.openqa.selenium.remote.service.DriverCommandExecutor.invokeExecute(DriverCommandExecutor.java:167)
	at org.openqa.selenium.remote.service.DriverCommandExecutor.execute(DriverCommandExecutor.java:142)
	at org.openqa.selenium.remote.RemoteWebDriver.execute(RemoteWebDriver.java:569)
	at org.openqa.selenium.remote.RemoteWebElement.execute(RemoteWebElement.java:257)
	at org.openqa.selenium.remote.RemoteWebElement.click(RemoteWebElement.java:78)
	at com.pages.DeviceType.AddDeviceTypePage.clickOnAddDeviceType(AddDeviceTypePage.java:33)
	at stepdefinitions.DeviceType.AddDeviceTypeSteps.Go_To_Add_DeviceType_Page(AddDeviceTypeSteps.java:24)
	at ✽.Go To Add DeviceType Page(file:///home/vassar-deepa/git/Stanley-Dashboard/src/test/resources/DeviceType/AddDeviceType.feature:4)
</div></td></tr></table><p class="totop"><a href="#summary">back to summary</a></p>
<h3 id="m34">testrunner.TestRunner#runScenario</h3><table class="result"><tr class="param"><th>Parameter #1</th><th>Parameter #2</th></tr><tr class="param stripe"><td>&quot;Verify the Edit Location Type page&quot;</td><td>&quot;Optional[Validate the Edit Location type]&quot;</td></tr><tr><th colspan="2">Exception</th></tr><tr><td colspan="2"><div class="stacktrace">java.lang.AssertionError: expected [Location Type Edited Successfully] but found [Entered Location Type does NOT exists in Table]
	at org.testng.Assert.fail(Assert.java:99)
	at org.testng.Assert.failNotEquals(Assert.java:1037)
	at org.testng.Assert.assertEqualsImpl(Assert.java:140)
	at org.testng.Assert.assertEquals(Assert.java:122)
	at org.testng.Assert.assertEquals(Assert.java:629)
	at org.testng.Assert.assertEquals(Assert.java:639)
	at com.pages.LocationType.EditLocationTypePage.editLocationType(EditLocationTypePage.java:160)
	at stepdefinitions.LocationType.EditLocationTypeSteps.user_edits_location_type_exp_msg(EditLocationTypeSteps.java:29)
	at ✽.User Edits Location Type &quot;Testing&quot; &quot;12345&quot; &quot;Testing&quot; &quot;Device Location&quot; &quot;Home Depot&quot; &quot;Location Type Edited Successfully&quot;(file:///home/vassar-deepa/git/Stanley-Dashboard/src/test/resources/LocationType/EditLocationType.feature:5)
</div></td></tr></table><p class="totop"><a href="#summary">back to summary</a></p>
<h3 id="m35">testrunner.TestRunner#runScenario</h3><table class="result"><tr class="param"><th>Parameter #1</th><th>Parameter #2</th></tr><tr class="param stripe"><td>&quot;Scenario to Add DeviceType&quot;</td><td>&quot;Optional[To Add DeviceType]&quot;</td></tr><tr><th colspan="2">Exception</th></tr><tr><td colspan="2"><div class="stacktrace">org.openqa.selenium.ElementClickInterceptedException: element click intercepted: Element &lt;button _ngcontent-cyq-c163=&quot;&quot; type=&quot;button&quot; class=&quot;btn btn-primary rounded-pill&quot;&gt;...&lt;/button&gt; is not clickable at point (1704, 146). Other element would receive the click: &lt;div _ngcontent-cyq-c73=&quot;&quot; class=&quot;ngx-overlay ngx-position-absolute foreground-closing&quot; style=&quot;background-color: rgba(40, 40, 40, 0.8); border-radius: 0px;&quot;&gt;...&lt;/div&gt;
  (Session info: chrome=108.0.5359.124)
Build info: version: &apos;4.3.0&apos;, revision: &apos;a4995e2c09*&apos;
System info: host: &apos;vassardeepa-ThinkPad-L15-Gen-3&apos;, ip: &apos;127.0.1.1&apos;, os.name: &apos;Linux&apos;, os.arch: &apos;amd64&apos;, os.version: &apos;5.15.0-56-generic&apos;, java.version: &apos;17.0.5&apos;
Driver info: org.openqa.selenium.chrome.ChromeDriver
Command: [06acfffefb7bc2af8620939f8d97f2a2, clickElement {id=40f9d4a6-9f59-46f9-b857-5345257bd362}]
Capabilities {acceptInsecureCerts: false, browserName: chrome, browserVersion: 108.0.5359.124, chrome: {chromedriverVersion: 108.0.5359.71 (1e0e3868ee06..., userDataDir: /tmp/.com.google.Chrome.fgIIhz}, goog:chromeOptions: {debuggerAddress: localhost:43921}, networkConnectionEnabled: false, pageLoadStrategy: normal, platformName: LINUX, proxy: Proxy(), se:cdp: ws://localhost:43921/devtoo..., se:cdpVersion: 108.0.5359.124, setWindowRect: true, strictFileInteractability: false, timeouts: {implicit: 0, pageLoad: 300000, script: 30000}, unhandledPromptBehavior: dismiss and notify, webauthn:extension:credBlob: true, webauthn:extension:largeBlob: true, webauthn:virtualAuthenticators: true}
Element: [[ChromeDriver: chrome on LINUX (06acfffefb7bc2af8620939f8d97f2a2)] -&gt; xpath: //button[text()=&apos;Add Device Type &apos;]]
Session ID: 06acfffefb7bc2af8620939f8d97f2a2
	at jdk.internal.reflect.GeneratedConstructorAccessor37.newInstance(Unknown Source)
	at java.base/jdk.internal.reflect.DelegatingConstructorAccessorImpl.newInstance(DelegatingConstructorAccessorImpl.java:45)
	at java.base/java.lang.reflect.Constructor.newInstanceWithCaller(Constructor.java:499)
	at java.base/java.lang.reflect.Constructor.newInstance(Constructor.java:480)
	at org.openqa.selenium.remote.codec.w3c.W3CHttpResponseCodec.createException(W3CHttpResponseCodec.java:200)
	at org.openqa.selenium.remote.codec.w3c.W3CHttpResponseCodec.decode(W3CHttpResponseCodec.java:133)
	at org.openqa.selenium.remote.codec.w3c.W3CHttpResponseCodec.decode(W3CHttpResponseCodec.java:53)
	at org.openqa.selenium.remote.HttpCommandExecutor.execute(HttpCommandExecutor.java:184)
	at org.openqa.selenium.remote.service.DriverCommandExecutor.invokeExecute(DriverCommandExecutor.java:167)
	at org.openqa.selenium.remote.service.DriverCommandExecutor.execute(DriverCommandExecutor.java:142)
	at org.openqa.selenium.remote.RemoteWebDriver.execute(RemoteWebDriver.java:569)
	at org.openqa.selenium.remote.RemoteWebElement.execute(RemoteWebElement.java:257)
	at org.openqa.selenium.remote.RemoteWebElement.click(RemoteWebElement.java:78)
	at com.pages.DeviceType.AddDeviceTypePage.clickOnAddDeviceType(AddDeviceTypePage.java:33)
	at stepdefinitions.DeviceType.AddDeviceTypeSteps.Go_To_Add_DeviceType_Page(AddDeviceTypeSteps.java:24)
	at ✽.Go To Add DeviceType Page(file:///home/vassar-deepa/git/Stanley-Dashboard/src/test/resources/DeviceType/AddDeviceType.feature:4)
</div></td></tr></table><p class="totop"><a href="#summary">back to summary</a></p>
<h3 id="m36">testrunner.TestRunner#runScenario</h3><table class="result"><tr class="param"><th>Parameter #1</th><th>Parameter #2</th></tr><tr class="param stripe"><td>&quot;Verify the Edit Location Type page&quot;</td><td>&quot;Optional[Validate the Edit Location type]&quot;</td></tr><tr><th colspan="2">Exception</th></tr><tr><td colspan="2"><div class="stacktrace">java.lang.AssertionError: expected [Duplicate Value Entered] but found [Entered Location Type does NOT exists in Table]
	at org.testng.Assert.fail(Assert.java:99)
	at org.testng.Assert.failNotEquals(Assert.java:1037)
	at org.testng.Assert.assertEqualsImpl(Assert.java:140)
	at org.testng.Assert.assertEquals(Assert.java:122)
	at org.testng.Assert.assertEquals(Assert.java:629)
	at org.testng.Assert.assertEquals(Assert.java:639)
	at com.pages.LocationType.EditLocationTypePage.editLocationType(EditLocationTypePage.java:160)
	at stepdefinitions.LocationType.EditLocationTypeSteps.user_edits_location_type_exp_msg(EditLocationTypeSteps.java:29)
	at ✽.User Edits Location Type &quot;Testing&quot; &quot;Test&quot; &quot;    &quot; &quot;Device Location&quot; &quot;Vassar&quot; &quot;Duplicate Value Entered&quot;(file:///home/vassar-deepa/git/Stanley-Dashboard/src/test/resources/LocationType/EditLocationType.feature:5)
</div></td></tr></table><p class="totop"><a href="#summary">back to summary</a></p>
<h3 id="m37">testrunner.TestRunner#runScenario</h3><table class="result"><tr class="param"><th>Parameter #1</th><th>Parameter #2</th></tr><tr class="param stripe"><td>&quot;Validate Delete Location Type Functionality&quot;</td><td>&quot;Optional[Validate Delete Location Type Functionality]&quot;</td></tr><tr><th colspan="2">Exception</th></tr><tr><td colspan="2"><div class="stacktrace">java.lang.AssertionError: expected [Location Type Deleted Successfully] but found [Entered Location Type does NOT exists in Table]
	at org.testng.Assert.fail(Assert.java:99)
	at org.testng.Assert.failNotEquals(Assert.java:1037)
	at org.testng.Assert.assertEqualsImpl(Assert.java:140)
	at org.testng.Assert.assertEquals(Assert.java:122)
	at org.testng.Assert.assertEquals(Assert.java:629)
	at org.testng.Assert.assertEquals(Assert.java:639)
	at com.pages.LocationType.DeleteLocationTypePage.deleteLocType(DeleteLocationTypePage.java:80)
	at stepdefinitions.LocationType.DeleteLocationTypeSteps.delete_desired_location_type(DeleteLocationTypeSteps.java:15)
	at ✽.Delete desired Location Type &quot;Testing&quot; &quot;Location Type Deleted Successfully&quot;(file:///home/vassar-deepa/git/Stanley-Dashboard/src/test/resources/LocationType/DeleteLocationType.feature:5)
</div></td></tr></table><p class="totop"><a href="#summary">back to summary</a></p>
<h3 id="m38">testrunner.TestRunner#runScenario</h3><table class="result"><tr class="param"><th>Parameter #1</th><th>Parameter #2</th></tr><tr class="param stripe"><td>&quot;Validate Add Device Profile Functionality&quot;</td><td>&quot;Optional[Validate Add Device Profile Functionality]&quot;</td></tr><tr><th colspan="2">Exception</th></tr><tr><td colspan="2"><div class="stacktrace">org.openqa.selenium.InvalidArgumentException: invalid argument: File not found : /home/vassar-deepa/Downloads/Image.bmp
  (Session info: chrome=108.0.5359.124)
Build info: version: &apos;4.3.0&apos;, revision: &apos;a4995e2c09*&apos;
System info: host: &apos;vassardeepa-ThinkPad-L15-Gen-3&apos;, ip: &apos;127.0.1.1&apos;, os.name: &apos;Linux&apos;, os.arch: &apos;amd64&apos;, os.version: &apos;5.15.0-56-generic&apos;, java.version: &apos;17.0.5&apos;
Driver info: org.openqa.selenium.chrome.ChromeDriver
Command: [04320af0cc6a69274b1cd896770666fe, sendKeysToElement {id=c3b294ed-5557-4215-8225-9bb1106bca8b, value=[Ljava.lang.CharSequence;@79827e71}]
Capabilities {acceptInsecureCerts: false, browserName: chrome, browserVersion: 108.0.5359.124, chrome: {chromedriverVersion: 108.0.5359.71 (1e0e3868ee06..., userDataDir: /tmp/.com.google.Chrome.Mgm4dw}, goog:chromeOptions: {debuggerAddress: localhost:45371}, networkConnectionEnabled: false, pageLoadStrategy: normal, platformName: LINUX, proxy: Proxy(), se:cdp: ws://localhost:45371/devtoo..., se:cdpVersion: 108.0.5359.124, setWindowRect: true, strictFileInteractability: false, timeouts: {implicit: 0, pageLoad: 300000, script: 30000}, unhandledPromptBehavior: dismiss and notify, webauthn:extension:credBlob: true, webauthn:extension:largeBlob: true, webauthn:virtualAuthenticators: true}
Element: [[ChromeDriver: chrome on LINUX (04320af0cc6a69274b1cd896770666fe)] -&gt; xpath: //input[@formcontrolname=&apos;boot_command_group_json&apos;]]
Session ID: 04320af0cc6a69274b1cd896770666fe
	at java.base/jdk.internal.reflect.NativeConstructorAccessorImpl.newInstance0(Native Method)
	at java.base/jdk.internal.reflect.NativeConstructorAccessorImpl.newInstance(NativeConstructorAccessorImpl.java:77)
	at java.base/jdk.internal.reflect.DelegatingConstructorAccessorImpl.newInstance(DelegatingConstructorAccessorImpl.java:45)
	at java.base/java.lang.reflect.Constructor.newInstanceWithCaller(Constructor.java:499)
	at java.base/java.lang.reflect.Constructor.newInstance(Constructor.java:480)
	at org.openqa.selenium.remote.codec.w3c.W3CHttpResponseCodec.createException(W3CHttpResponseCodec.java:200)
	at org.openqa.selenium.remote.codec.w3c.W3CHttpResponseCodec.decode(W3CHttpResponseCodec.java:133)
	at org.openqa.selenium.remote.codec.w3c.W3CHttpResponseCodec.decode(W3CHttpResponseCodec.java:53)
	at org.openqa.selenium.remote.HttpCommandExecutor.execute(HttpCommandExecutor.java:184)
	at org.openqa.selenium.remote.service.DriverCommandExecutor.invokeExecute(DriverCommandExecutor.java:167)
	at org.openqa.selenium.remote.service.DriverCommandExecutor.execute(DriverCommandExecutor.java:142)
	at org.openqa.selenium.remote.RemoteWebDriver.execute(RemoteWebDriver.java:569)
	at org.openqa.selenium.remote.RemoteWebElement.execute(RemoteWebElement.java:257)
	at org.openqa.selenium.remote.RemoteWebElement.sendKeys(RemoteWebElement.java:113)
	at com.pages.DeviceProfile.AddDeviceProfilePage.uploadBootCmdGrpJson(AddDeviceProfilePage.java:60)
	at stepdefinitions.DeviceProfile.AddDeviceProfileSteps.upload_boot_command_group_json(AddDeviceProfileSteps.java:68)
	at ✽.Upload Boot Command Group JSON &quot;/home/vassar-deepa/Downloads/Image.bmp&quot;(file:///home/vassar-deepa/git/Stanley-Dashboard/src/test/resources/DeviceProfile/AddDeviceProfile.feature:11)
</div></td></tr></table><p class="totop"><a href="#summary">back to summary</a></p>
<h3 id="m39">testrunner.TestRunner#runScenario</h3><table class="result"><tr class="param"><th>Parameter #1</th><th>Parameter #2</th></tr><tr class="param stripe"><td>&quot;Validate Add Device Profile Functionality&quot;</td><td>&quot;Optional[Validate Add Device Profile Functionality]&quot;</td></tr><tr><th colspan="2">Exception</th></tr><tr><td colspan="2"><div class="stacktrace">java.lang.AssertionError: expected [Duplicate Value Entered] but found [Submit Button is Disabled. Need to fill Mandatory fields]
	at org.testng.Assert.fail(Assert.java:99)
	at org.testng.Assert.failNotEquals(Assert.java:1037)
	at org.testng.Assert.assertEqualsImpl(Assert.java:140)
	at org.testng.Assert.assertEquals(Assert.java:122)
	at org.testng.Assert.assertEquals(Assert.java:629)
	at org.testng.Assert.assertEquals(Assert.java:639)
	at com.pages.DeviceProfile.AddDeviceProfilePage.verifyToasterMessage(AddDeviceProfilePage.java:77)
	at stepdefinitions.DeviceProfile.AddDeviceProfileSteps.verify_toaster_message_for_add_device_profile(AddDeviceProfileSteps.java:79)
	at ✽.Verify Toaster Message for Add Device Profile &quot;Duplicate Value Entered&quot;(file:///home/vassar-deepa/git/Stanley-Dashboard/src/test/resources/DeviceProfile/AddDeviceProfile.feature:13)
</div></td></tr></table><p class="totop"><a href="#summary">back to summary</a></p>
<h3 id="m40">testrunner.TestRunner#runScenario</h3><table class="result"><tr class="param"><th>Parameter #1</th><th>Parameter #2</th></tr><tr class="param stripe"><td>&quot;Validate Add Device Profile Functionality&quot;</td><td>&quot;Optional[Validate Add Device Profile Functionality]&quot;</td></tr><tr><th colspan="2">Exception</th></tr><tr><td colspan="2"><div class="stacktrace">java.lang.AssertionError: expected [Device Profile Added Successfully] but found [Submit Button is Disabled. Need to fill Mandatory fields]
	at org.testng.Assert.fail(Assert.java:99)
	at org.testng.Assert.failNotEquals(Assert.java:1037)
	at org.testng.Assert.assertEqualsImpl(Assert.java:140)
	at org.testng.Assert.assertEquals(Assert.java:122)
	at org.testng.Assert.assertEquals(Assert.java:629)
	at org.testng.Assert.assertEquals(Assert.java:639)
	at com.pages.DeviceProfile.AddDeviceProfilePage.verifyToasterMessage(AddDeviceProfilePage.java:77)
	at stepdefinitions.DeviceProfile.AddDeviceProfileSteps.verify_toaster_message_for_add_device_profile(AddDeviceProfileSteps.java:79)
	at ✽.Verify Toaster Message for Add Device Profile &quot;Device Profile Added Successfully&quot;(file:///home/vassar-deepa/git/Stanley-Dashboard/src/test/resources/DeviceProfile/AddDeviceProfile.feature:13)
</div></td></tr></table><p class="totop"><a href="#summary">back to summary</a></p>
<h3 id="m41">testrunner.TestRunner#runScenario</h3><table class="result"><tr class="param"><th>Parameter #1</th><th>Parameter #2</th></tr><tr class="param stripe"><td>&quot;Validate Add Device Profile Functionality&quot;</td><td>&quot;Optional[Validate Add Device Profile Functionality]&quot;</td></tr><tr><th colspan="2">Exception</th></tr><tr><td colspan="2"><div class="stacktrace">java.lang.AssertionError: expected [Duplicate Value Entered] but found [Submit Button is Disabled. Need to fill Mandatory fields]
	at org.testng.Assert.fail(Assert.java:99)
	at org.testng.Assert.failNotEquals(Assert.java:1037)
	at org.testng.Assert.assertEqualsImpl(Assert.java:140)
	at org.testng.Assert.assertEquals(Assert.java:122)
	at org.testng.Assert.assertEquals(Assert.java:629)
	at org.testng.Assert.assertEquals(Assert.java:639)
	at com.pages.DeviceProfile.AddDeviceProfilePage.verifyToasterMessage(AddDeviceProfilePage.java:77)
	at stepdefinitions.DeviceProfile.AddDeviceProfileSteps.verify_toaster_message_for_add_device_profile(AddDeviceProfileSteps.java:79)
	at ✽.Verify Toaster Message for Add Device Profile &quot;Duplicate Value Entered&quot;(file:///home/vassar-deepa/git/Stanley-Dashboard/src/test/resources/DeviceProfile/AddDeviceProfile.feature:13)
</div></td></tr></table><p class="totop"><a href="#summary">back to summary</a></p>
<h3 id="m42">testrunner.TestRunner#runScenario</h3><table class="result"><tr class="param"><th>Parameter #1</th><th>Parameter #2</th></tr><tr class="param stripe"><td>&quot;edit device type&quot;</td><td>&quot;Optional[validate device type]&quot;</td></tr><tr><th colspan="2">Exception</th></tr><tr><td colspan="2"><div class="stacktrace">org.openqa.selenium.NoSuchElementException: no such element: Unable to locate element: {&quot;method&quot;:&quot;xpath&quot;,&quot;selector&quot;:&quot;//td//span[text()=&apos;tesing12&apos;]&quot;}
  (Session info: chrome=108.0.5359.124)
For documentation on this error, please visit: https://selenium.dev/exceptions/#no_such_element
Build info: version: &apos;4.3.0&apos;, revision: &apos;a4995e2c09*&apos;
System info: host: &apos;vassardeepa-ThinkPad-L15-Gen-3&apos;, ip: &apos;127.0.1.1&apos;, os.name: &apos;Linux&apos;, os.arch: &apos;amd64&apos;, os.version: &apos;5.15.0-56-generic&apos;, java.version: &apos;17.0.5&apos;
Driver info: org.openqa.selenium.chrome.ChromeDriver
Command: [aa7f8af73eab490a46efc3f94d4c7eb7, findElement {using=xpath, value=//td//span[text()=&apos;tesing12&apos;]}]
Capabilities {acceptInsecureCerts: false, browserName: chrome, browserVersion: 108.0.5359.124, chrome: {chromedriverVersion: 108.0.5359.71 (1e0e3868ee06..., userDataDir: /tmp/.com.google.Chrome.c88Cvm}, goog:chromeOptions: {debuggerAddress: localhost:42597}, networkConnectionEnabled: false, pageLoadStrategy: normal, platformName: LINUX, proxy: Proxy(), se:cdp: ws://localhost:42597/devtoo..., se:cdpVersion: 108.0.5359.124, setWindowRect: true, strictFileInteractability: false, timeouts: {implicit: 0, pageLoad: 300000, script: 30000}, unhandledPromptBehavior: dismiss and notify, webauthn:extension:credBlob: true, webauthn:extension:largeBlob: true, webauthn:virtualAuthenticators: true}
Session ID: aa7f8af73eab490a46efc3f94d4c7eb7
	at java.base/jdk.internal.reflect.NativeConstructorAccessorImpl.newInstance0(Native Method)
	at java.base/jdk.internal.reflect.NativeConstructorAccessorImpl.newInstance(NativeConstructorAccessorImpl.java:77)
	at java.base/jdk.internal.reflect.DelegatingConstructorAccessorImpl.newInstance(DelegatingConstructorAccessorImpl.java:45)
	at java.base/java.lang.reflect.Constructor.newInstanceWithCaller(Constructor.java:499)
	at java.base/java.lang.reflect.Constructor.newInstance(Constructor.java:480)
	at org.openqa.selenium.remote.codec.w3c.W3CHttpResponseCodec.createException(W3CHttpResponseCodec.java:200)
	at org.openqa.selenium.remote.codec.w3c.W3CHttpResponseCodec.decode(W3CHttpResponseCodec.java:133)
	at org.openqa.selenium.remote.codec.w3c.W3CHttpResponseCodec.decode(W3CHttpResponseCodec.java:53)
	at org.openqa.selenium.remote.HttpCommandExecutor.execute(HttpCommandExecutor.java:184)
	at org.openqa.selenium.remote.service.DriverCommandExecutor.invokeExecute(DriverCommandExecutor.java:167)
	at org.openqa.selenium.remote.service.DriverCommandExecutor.execute(DriverCommandExecutor.java:142)
	at org.openqa.selenium.remote.RemoteWebDriver.execute(RemoteWebDriver.java:569)
	at org.openqa.selenium.remote.ElementLocation$ElementFinder$2.findElement(ElementLocation.java:162)
	at org.openqa.selenium.remote.ElementLocation.findElement(ElementLocation.java:60)
	at org.openqa.selenium.remote.RemoteWebDriver.findElement(RemoteWebDriver.java:387)
	at org.openqa.selenium.remote.RemoteWebDriver.findElement(RemoteWebDriver.java:379)
	at com.pages.DeviceType.EditDeviceTypePage.verify_table(EditDeviceTypePage.java:62)
	at stepdefinitions.DeviceType.EditDeviceTypeSteps.verify_devive_type(EditDeviceTypeSteps.java:33)
	at ✽.verify devive type &quot;&quot; &quot;tesing12&quot;(file:///home/vassar-deepa/git/Stanley-Dashboard/src/test/resources/DeviceType/EditDeviceType.feature:6)
</div></td></tr></table><p class="totop"><a href="#summary">back to summary</a></p>
<h3 id="m43">testrunner.TestRunner#runScenario</h3><table class="result"><tr class="param"><th>Parameter #1</th><th>Parameter #2</th></tr><tr class="param stripe"><td>&quot;Validate Add Device Profile Functionality&quot;</td><td>&quot;Optional[Validate Add Device Profile Functionality]&quot;</td></tr><tr><th colspan="2">Exception</th></tr><tr><td colspan="2"><div class="stacktrace">java.lang.AssertionError: expected [Duplicate Value Entered] but found [Submit Button is Disabled. Need to fill Mandatory fields]
	at org.testng.Assert.fail(Assert.java:99)
	at org.testng.Assert.failNotEquals(Assert.java:1037)
	at org.testng.Assert.assertEqualsImpl(Assert.java:140)
	at org.testng.Assert.assertEquals(Assert.java:122)
	at org.testng.Assert.assertEquals(Assert.java:629)
	at org.testng.Assert.assertEquals(Assert.java:639)
	at com.pages.DeviceProfile.AddDeviceProfilePage.verifyToasterMessage(AddDeviceProfilePage.java:77)
	at stepdefinitions.DeviceProfile.AddDeviceProfileSteps.verify_toaster_message_for_add_device_profile(AddDeviceProfileSteps.java:79)
	at ✽.Verify Toaster Message for Add Device Profile &quot;Duplicate Value Entered&quot;(file:///home/vassar-deepa/git/Stanley-Dashboard/src/test/resources/DeviceProfile/AddDeviceProfile.feature:13)
</div></td></tr></table><p class="totop"><a href="#summary">back to summary</a></p>
<h3 id="m44">testrunner.TestRunner#runScenario</h3><table class="result"><tr class="param"><th>Parameter #1</th><th>Parameter #2</th></tr><tr class="param stripe"><td>&quot;Validate Add Device Profile Functionality&quot;</td><td>&quot;Optional[Validate Add Device Profile Functionality]&quot;</td></tr><tr><th colspan="2">Exception</th></tr><tr><td colspan="2"><div class="stacktrace">org.openqa.selenium.InvalidArgumentException: invalid argument: File not found : /home/vassar-deepa/Downloads/Image.bmp
  (Session info: chrome=108.0.5359.124)
Build info: version: &apos;4.3.0&apos;, revision: &apos;a4995e2c09*&apos;
System info: host: &apos;vassardeepa-ThinkPad-L15-Gen-3&apos;, ip: &apos;127.0.1.1&apos;, os.name: &apos;Linux&apos;, os.arch: &apos;amd64&apos;, os.version: &apos;5.15.0-56-generic&apos;, java.version: &apos;17.0.5&apos;
Driver info: org.openqa.selenium.chrome.ChromeDriver
Command: [8c5b37d08e14b5f45b68b5cd48aa9661, sendKeysToElement {id=78e1a934-808e-4b91-a4d3-f5491e4a24e3, value=[Ljava.lang.CharSequence;@cda988}]
Capabilities {acceptInsecureCerts: false, browserName: chrome, browserVersion: 108.0.5359.124, chrome: {chromedriverVersion: 108.0.5359.71 (1e0e3868ee06..., userDataDir: /tmp/.com.google.Chrome.AYFQNi}, goog:chromeOptions: {debuggerAddress: localhost:41985}, networkConnectionEnabled: false, pageLoadStrategy: normal, platformName: LINUX, proxy: Proxy(), se:cdp: ws://localhost:41985/devtoo..., se:cdpVersion: 108.0.5359.124, setWindowRect: true, strictFileInteractability: false, timeouts: {implicit: 0, pageLoad: 300000, script: 30000}, unhandledPromptBehavior: dismiss and notify, webauthn:extension:credBlob: true, webauthn:extension:largeBlob: true, webauthn:virtualAuthenticators: true}
Element: [[ChromeDriver: chrome on LINUX (8c5b37d08e14b5f45b68b5cd48aa9661)] -&gt; xpath: //input[@formcontrolname=&apos;data_command_group_json&apos;]]
Session ID: 8c5b37d08e14b5f45b68b5cd48aa9661
	at java.base/jdk.internal.reflect.NativeConstructorAccessorImpl.newInstance0(Native Method)
	at java.base/jdk.internal.reflect.NativeConstructorAccessorImpl.newInstance(NativeConstructorAccessorImpl.java:77)
	at java.base/jdk.internal.reflect.DelegatingConstructorAccessorImpl.newInstance(DelegatingConstructorAccessorImpl.java:45)
	at java.base/java.lang.reflect.Constructor.newInstanceWithCaller(Constructor.java:499)
	at java.base/java.lang.reflect.Constructor.newInstance(Constructor.java:480)
	at org.openqa.selenium.remote.codec.w3c.W3CHttpResponseCodec.createException(W3CHttpResponseCodec.java:200)
	at org.openqa.selenium.remote.codec.w3c.W3CHttpResponseCodec.decode(W3CHttpResponseCodec.java:133)
	at org.openqa.selenium.remote.codec.w3c.W3CHttpResponseCodec.decode(W3CHttpResponseCodec.java:53)
	at org.openqa.selenium.remote.HttpCommandExecutor.execute(HttpCommandExecutor.java:184)
	at org.openqa.selenium.remote.service.DriverCommandExecutor.invokeExecute(DriverCommandExecutor.java:167)
	at org.openqa.selenium.remote.service.DriverCommandExecutor.execute(DriverCommandExecutor.java:142)
	at org.openqa.selenium.remote.RemoteWebDriver.execute(RemoteWebDriver.java:569)
	at org.openqa.selenium.remote.RemoteWebElement.execute(RemoteWebElement.java:257)
	at org.openqa.selenium.remote.RemoteWebElement.sendKeys(RemoteWebElement.java:113)
	at com.pages.DeviceProfile.AddDeviceProfilePage.uploadDataCmdGrpJson(AddDeviceProfilePage.java:56)
	at stepdefinitions.DeviceProfile.AddDeviceProfileSteps.upload_data_command_group_json(AddDeviceProfileSteps.java:62)
	at ✽.Upload Data Command Group JSON &quot;/home/vassar-deepa/Downloads/Image.bmp&quot;(file:///home/vassar-deepa/git/Stanley-Dashboard/src/test/resources/DeviceProfile/AddDeviceProfile.feature:10)
</div></td></tr></table><p class="totop"><a href="#summary">back to summary</a></p>
<h3 id="m45">testrunner.TestRunner#runScenario</h3><table class="result"><tr class="param"><th>Parameter #1</th><th>Parameter #2</th></tr><tr class="param stripe"><td>&quot;Scenario to Add DeviceType&quot;</td><td>&quot;Optional[To Add DeviceType]&quot;</td></tr><tr><th colspan="2">Exception</th></tr><tr><td colspan="2"><div class="stacktrace">org.openqa.selenium.ElementClickInterceptedException: element click intercepted: Element &lt;button _ngcontent-flr-c163=&quot;&quot; type=&quot;button&quot; class=&quot;btn btn-primary rounded-pill&quot;&gt;...&lt;/button&gt; is not clickable at point (1704, 146). Other element would receive the click: &lt;div _ngcontent-flr-c73=&quot;&quot; class=&quot;ngx-overlay ngx-position-absolute foreground-closing&quot; style=&quot;background-color: rgba(40, 40, 40, 0.8); border-radius: 0px;&quot;&gt;...&lt;/div&gt;
  (Session info: chrome=108.0.5359.124)
Build info: version: &apos;4.3.0&apos;, revision: &apos;a4995e2c09*&apos;
System info: host: &apos;vassardeepa-ThinkPad-L15-Gen-3&apos;, ip: &apos;127.0.1.1&apos;, os.name: &apos;Linux&apos;, os.arch: &apos;amd64&apos;, os.version: &apos;5.15.0-56-generic&apos;, java.version: &apos;17.0.5&apos;
Driver info: org.openqa.selenium.chrome.ChromeDriver
Command: [efce4ca1480f76e46d1621baf62e05dc, clickElement {id=92f08430-d06f-4f8f-8a43-f09589f15414}]
Capabilities {acceptInsecureCerts: false, browserName: chrome, browserVersion: 108.0.5359.124, chrome: {chromedriverVersion: 108.0.5359.71 (1e0e3868ee06..., userDataDir: /tmp/.com.google.Chrome.occCuf}, goog:chromeOptions: {debuggerAddress: localhost:43053}, networkConnectionEnabled: false, pageLoadStrategy: normal, platformName: LINUX, proxy: Proxy(), se:cdp: ws://localhost:43053/devtoo..., se:cdpVersion: 108.0.5359.124, setWindowRect: true, strictFileInteractability: false, timeouts: {implicit: 0, pageLoad: 300000, script: 30000}, unhandledPromptBehavior: dismiss and notify, webauthn:extension:credBlob: true, webauthn:extension:largeBlob: true, webauthn:virtualAuthenticators: true}
Element: [[ChromeDriver: chrome on LINUX (efce4ca1480f76e46d1621baf62e05dc)] -&gt; xpath: //button[text()=&apos;Add Device Type &apos;]]
Session ID: efce4ca1480f76e46d1621baf62e05dc
	at jdk.internal.reflect.GeneratedConstructorAccessor37.newInstance(Unknown Source)
	at java.base/jdk.internal.reflect.DelegatingConstructorAccessorImpl.newInstance(DelegatingConstructorAccessorImpl.java:45)
	at java.base/java.lang.reflect.Constructor.newInstanceWithCaller(Constructor.java:499)
	at java.base/java.lang.reflect.Constructor.newInstance(Constructor.java:480)
	at org.openqa.selenium.remote.codec.w3c.W3CHttpResponseCodec.createException(W3CHttpResponseCodec.java:200)
	at org.openqa.selenium.remote.codec.w3c.W3CHttpResponseCodec.decode(W3CHttpResponseCodec.java:133)
	at org.openqa.selenium.remote.codec.w3c.W3CHttpResponseCodec.decode(W3CHttpResponseCodec.java:53)
	at org.openqa.selenium.remote.HttpCommandExecutor.execute(HttpCommandExecutor.java:184)
	at org.openqa.selenium.remote.service.DriverCommandExecutor.invokeExecute(DriverCommandExecutor.java:167)
	at org.openqa.selenium.remote.service.DriverCommandExecutor.execute(DriverCommandExecutor.java:142)
	at org.openqa.selenium.remote.RemoteWebDriver.execute(RemoteWebDriver.java:569)
	at org.openqa.selenium.remote.RemoteWebElement.execute(RemoteWebElement.java:257)
	at org.openqa.selenium.remote.RemoteWebElement.click(RemoteWebElement.java:78)
	at com.pages.DeviceType.AddDeviceTypePage.clickOnAddDeviceType(AddDeviceTypePage.java:33)
	at stepdefinitions.DeviceType.AddDeviceTypeSteps.Go_To_Add_DeviceType_Page(AddDeviceTypeSteps.java:24)
	at ✽.Go To Add DeviceType Page(file:///home/vassar-deepa/git/Stanley-Dashboard/src/test/resources/DeviceType/AddDeviceType.feature:4)
</div></td></tr></table><p class="totop"><a href="#summary">back to summary</a></p>
<h3 id="m46">testrunner.TestRunner#runScenario</h3><table class="result"><tr class="param"><th>Parameter #1</th><th>Parameter #2</th></tr><tr class="param stripe"><td>&quot;Scenario to Add DeviceType&quot;</td><td>&quot;Optional[To Add DeviceType]&quot;</td></tr><tr><th colspan="2">Exception</th></tr><tr><td colspan="2"><div class="stacktrace">org.openqa.selenium.ElementClickInterceptedException: element click intercepted: Element &lt;button _ngcontent-sgt-c163=&quot;&quot; type=&quot;button&quot; class=&quot;btn btn-primary rounded-pill&quot;&gt;...&lt;/button&gt; is not clickable at point (1704, 146). Other element would receive the click: &lt;div _ngcontent-sgt-c73=&quot;&quot; class=&quot;ngx-overlay ngx-position-absolute foreground-closing&quot; style=&quot;background-color: rgba(40, 40, 40, 0.8); border-radius: 0px;&quot;&gt;...&lt;/div&gt;
  (Session info: chrome=108.0.5359.124)
Build info: version: &apos;4.3.0&apos;, revision: &apos;a4995e2c09*&apos;
System info: host: &apos;vassardeepa-ThinkPad-L15-Gen-3&apos;, ip: &apos;127.0.1.1&apos;, os.name: &apos;Linux&apos;, os.arch: &apos;amd64&apos;, os.version: &apos;5.15.0-56-generic&apos;, java.version: &apos;17.0.5&apos;
Driver info: org.openqa.selenium.chrome.ChromeDriver
Command: [2bd7c36b5624dd558a68132a071ba1fb, clickElement {id=5be98c28-e69b-4b67-82e3-f1194f74a63d}]
Capabilities {acceptInsecureCerts: false, browserName: chrome, browserVersion: 108.0.5359.124, chrome: {chromedriverVersion: 108.0.5359.71 (1e0e3868ee06..., userDataDir: /tmp/.com.google.Chrome.6xFQ09}, goog:chromeOptions: {debuggerAddress: localhost:36923}, networkConnectionEnabled: false, pageLoadStrategy: normal, platformName: LINUX, proxy: Proxy(), se:cdp: ws://localhost:36923/devtoo..., se:cdpVersion: 108.0.5359.124, setWindowRect: true, strictFileInteractability: false, timeouts: {implicit: 0, pageLoad: 300000, script: 30000}, unhandledPromptBehavior: dismiss and notify, webauthn:extension:credBlob: true, webauthn:extension:largeBlob: true, webauthn:virtualAuthenticators: true}
Element: [[ChromeDriver: chrome on LINUX (2bd7c36b5624dd558a68132a071ba1fb)] -&gt; xpath: //button[text()=&apos;Add Device Type &apos;]]
Session ID: 2bd7c36b5624dd558a68132a071ba1fb
	at jdk.internal.reflect.GeneratedConstructorAccessor37.newInstance(Unknown Source)
	at java.base/jdk.internal.reflect.DelegatingConstructorAccessorImpl.newInstance(DelegatingConstructorAccessorImpl.java:45)
	at java.base/java.lang.reflect.Constructor.newInstanceWithCaller(Constructor.java:499)
	at java.base/java.lang.reflect.Constructor.newInstance(Constructor.java:480)
	at org.openqa.selenium.remote.codec.w3c.W3CHttpResponseCodec.createException(W3CHttpResponseCodec.java:200)
	at org.openqa.selenium.remote.codec.w3c.W3CHttpResponseCodec.decode(W3CHttpResponseCodec.java:133)
	at org.openqa.selenium.remote.codec.w3c.W3CHttpResponseCodec.decode(W3CHttpResponseCodec.java:53)
	at org.openqa.selenium.remote.HttpCommandExecutor.execute(HttpCommandExecutor.java:184)
	at org.openqa.selenium.remote.service.DriverCommandExecutor.invokeExecute(DriverCommandExecutor.java:167)
	at org.openqa.selenium.remote.service.DriverCommandExecutor.execute(DriverCommandExecutor.java:142)
	at org.openqa.selenium.remote.RemoteWebDriver.execute(RemoteWebDriver.java:569)
	at org.openqa.selenium.remote.RemoteWebElement.execute(RemoteWebElement.java:257)
	at org.openqa.selenium.remote.RemoteWebElement.click(RemoteWebElement.java:78)
	at com.pages.DeviceType.AddDeviceTypePage.clickOnAddDeviceType(AddDeviceTypePage.java:33)
	at stepdefinitions.DeviceType.AddDeviceTypeSteps.Go_To_Add_DeviceType_Page(AddDeviceTypeSteps.java:24)
	at ✽.Go To Add DeviceType Page(file:///home/vassar-deepa/git/Stanley-Dashboard/src/test/resources/DeviceType/AddDeviceType.feature:4)
</div></td></tr></table><p class="totop"><a href="#summary">back to summary</a></p>
<h3 id="m47">testrunner.TestRunner#runScenario</h3><table class="result"><tr class="param"><th>Parameter #1</th><th>Parameter #2</th></tr><tr class="param stripe"><td>&quot;Verify the Edit Location Type page&quot;</td><td>&quot;Optional[Validate the Edit Location type]&quot;</td></tr><tr><th colspan="2">Exception</th></tr><tr><td colspan="2"><div class="stacktrace">java.lang.AssertionError: expected [Location Type Edited Successfully] but found [Entered Location Type does NOT exists in Table]
	at org.testng.Assert.fail(Assert.java:99)
	at org.testng.Assert.failNotEquals(Assert.java:1037)
	at org.testng.Assert.assertEqualsImpl(Assert.java:140)
	at org.testng.Assert.assertEquals(Assert.java:122)
	at org.testng.Assert.assertEquals(Assert.java:629)
	at org.testng.Assert.assertEquals(Assert.java:639)
	at com.pages.LocationType.EditLocationTypePage.editLocationType(EditLocationTypePage.java:160)
	at stepdefinitions.LocationType.EditLocationTypeSteps.user_edits_location_type_exp_msg(EditLocationTypeSteps.java:29)
	at ✽.User Edits Location Type &quot;12345&quot; &quot;Test#####&quot; &quot;Testing&quot; &quot;Device Location&quot; &quot;Walmart&quot; &quot;Location Type Edited Successfully&quot;(file:///home/vassar-deepa/git/Stanley-Dashboard/src/test/resources/LocationType/EditLocationType.feature:5)
</div></td></tr></table><p class="totop"><a href="#summary">back to summary</a></p>
<h3 id="m48">testrunner.TestRunner#runScenario</h3><table class="result"><tr class="param"><th>Parameter #1</th><th>Parameter #2</th></tr><tr class="param stripe"><td>&quot;Validate Add Device Profile Functionality&quot;</td><td>&quot;Optional[Validate Add Device Profile Functionality]&quot;</td></tr><tr><th colspan="2">Exception</th></tr><tr><td colspan="2"><div class="stacktrace">java.lang.AssertionError: expected [Duplicate Value Entered] but found [Submit Button is Disabled. Need to fill Mandatory fields]
	at org.testng.Assert.fail(Assert.java:99)
	at org.testng.Assert.failNotEquals(Assert.java:1037)
	at org.testng.Assert.assertEqualsImpl(Assert.java:140)
	at org.testng.Assert.assertEquals(Assert.java:122)
	at org.testng.Assert.assertEquals(Assert.java:629)
	at org.testng.Assert.assertEquals(Assert.java:639)
	at com.pages.DeviceProfile.AddDeviceProfilePage.verifyToasterMessage(AddDeviceProfilePage.java:77)
	at stepdefinitions.DeviceProfile.AddDeviceProfileSteps.verify_toaster_message_for_add_device_profile(AddDeviceProfileSteps.java:79)
	at ✽.Verify Toaster Message for Add Device Profile &quot;Duplicate Value Entered&quot;(file:///home/vassar-deepa/git/Stanley-Dashboard/src/test/resources/DeviceProfile/AddDeviceProfile.feature:13)
</div></td></tr></table><p class="totop"><a href="#summary">back to summary</a></p>
<h3 id="m49">testrunner.TestRunner#runScenario</h3><table class="result"><tr class="param"><th>Parameter #1</th><th>Parameter #2</th></tr><tr class="param stripe"><td>&quot;Validate Add Device Profile Functionality&quot;</td><td>&quot;Optional[Validate Add Device Profile Functionality]&quot;</td></tr><tr><th colspan="2">Exception</th></tr><tr><td colspan="2"><div class="stacktrace">java.lang.AssertionError: expected [Device Profile Added Successfully] but found [Duplicate Value Entered]
	at org.testng.Assert.fail(Assert.java:99)
	at org.testng.Assert.failNotEquals(Assert.java:1037)
	at org.testng.Assert.assertEqualsImpl(Assert.java:140)
	at org.testng.Assert.assertEquals(Assert.java:122)
	at org.testng.Assert.assertEquals(Assert.java:629)
	at org.testng.Assert.assertEquals(Assert.java:639)
	at com.pages.DeviceProfile.AddDeviceProfilePage.verifyToasterMessage(AddDeviceProfilePage.java:74)
	at stepdefinitions.DeviceProfile.AddDeviceProfileSteps.verify_toaster_message_for_add_device_profile(AddDeviceProfileSteps.java:79)
	at ✽.Verify Toaster Message for Add Device Profile &quot;Device Profile Added Successfully&quot;(file:///home/vassar-deepa/git/Stanley-Dashboard/src/test/resources/DeviceProfile/AddDeviceProfile.feature:13)
</div></td></tr></table><p class="totop"><a href="#summary">back to summary</a></p>
<h3 id="m50">testrunner.TestRunner#runScenario</h3><table class="result"><tr class="param"><th>Parameter #1</th><th>Parameter #2</th></tr><tr class="param stripe"><td>&quot;Validate Add Device Profile Functionality&quot;</td><td>&quot;Optional[Validate Add Device Profile Functionality]&quot;</td></tr></table><p class="totop"><a href="#summary">back to summary</a></p>
<h3 id="m51">testrunner.TestRunner#runScenario</h3><table class="result"><tr class="param"><th>Parameter #1</th><th>Parameter #2</th></tr><tr class="param stripe"><td>&quot;Validate Add Device Profile Functionality&quot;</td><td>&quot;Optional[Validate Add Device Profile Functionality]&quot;</td></tr></table><p class="totop"><a href="#summary">back to summary</a></p>
<h3 id="m52">testrunner.TestRunner#runScenario</h3><table class="result"><tr class="param"><th>Parameter #1</th><th>Parameter #2</th></tr><tr class="param stripe"><td>&quot;Validate Delete Device Profile Functionality&quot;</td><td>&quot;Optional[Validate Delete Device Profile Functionality]&quot;</td></tr><tr><th colspan="2">Messages</th></tr><tr><td colspan="2"><div class="messages">Entered Device Profile ID does NOT exists in Table</div></td></tr></table><p class="totop"><a href="#summary">back to summary</a></p>
<h3 id="m53">testrunner.TestRunner#runScenario</h3><table class="result"><tr class="param"><th>Parameter #1</th><th>Parameter #2</th></tr><tr class="param stripe"><td>&quot;Verify the Edit Location Type page&quot;</td><td>&quot;Optional[Validate the Edit Location type]&quot;</td></tr></table><p class="totop"><a href="#summary">back to summary</a></p>
<h3 id="m54">testrunner.TestRunner#runScenario</h3><table class="result"><tr class="param"><th>Parameter #1</th><th>Parameter #2</th></tr><tr class="param stripe"><td>&quot;Scenario to Sign In&quot;</td><td>&quot;Optional[Sign In to Application]&quot;</td></tr></table><p class="totop"><a href="#summary">back to summary</a></p>
<h3 id="m55">testrunner.TestRunner#runScenario</h3><table class="result"><tr class="param"><th>Parameter #1</th><th>Parameter #2</th></tr><tr class="param stripe"><td>&quot;Validate Delete Device Profile Functionality&quot;</td><td>&quot;Optional[Validate Delete Device Profile Functionality]&quot;</td></tr><tr><th colspan="2">Messages</th></tr><tr><td colspan="2"><div class="messages">Entered Device Profile ID does NOT exists in Table</div></td></tr></table><p class="totop"><a href="#summary">back to summary</a></p>
<h3 id="m56">testrunner.TestRunner#runScenario</h3><table class="result"><tr class="param"><th>Parameter #1</th><th>Parameter #2</th></tr><tr class="param stripe"><td>&quot;Validate Add Device Profile Functionality&quot;</td><td>&quot;Optional[Validate Add Device Profile Functionality]&quot;</td></tr></table><p class="totop"><a href="#summary">back to summary</a></p>
<h3 id="m57">testrunner.TestRunner#runScenario</h3><table class="result"><tr class="param"><th>Parameter #1</th><th>Parameter #2</th></tr><tr class="param stripe"><td>&quot;Validate Edit Device Profile Functionality&quot;</td><td>&quot;Optional[Validate Edit Device Profile Functionality]&quot;</td></tr></table><p class="totop"><a href="#summary">back to summary</a></p>
<h3 id="m58">testrunner.TestRunner#runScenario</h3><table class="result"><tr class="param"><th>Parameter #1</th><th>Parameter #2</th></tr><tr class="param stripe"><td>&quot;Validate Add Device Profile Functionality&quot;</td><td>&quot;Optional[Validate Add Device Profile Functionality]&quot;</td></tr></table><p class="totop"><a href="#summary">back to summary</a></p>
<h3 id="m59">testrunner.TestRunner#runScenario</h3><table class="result"><tr class="param"><th>Parameter #1</th><th>Parameter #2</th></tr><tr class="param stripe"><td>&quot;Validate Add Device Profile Functionality&quot;</td><td>&quot;Optional[Validate Add Device Profile Functionality]&quot;</td></tr></table><p class="totop"><a href="#summary">back to summary</a></p>
<h3 id="m60">testrunner.TestRunner#runScenario</h3><table class="result"><tr class="param"><th>Parameter #1</th><th>Parameter #2</th></tr><tr class="param stripe"><td>&quot;Validate Delete Location Type Functionality&quot;</td><td>&quot;Optional[Validate Delete Location Type Functionality]&quot;</td></tr></table><p class="totop"><a href="#summary">back to summary</a></p>
<h3 id="m61">testrunner.TestRunner#runScenario</h3><table class="result"><tr class="param"><th>Parameter #1</th><th>Parameter #2</th></tr><tr class="param stripe"><td>&quot;Validate Delete Location Type Functionality&quot;</td><td>&quot;Optional[Validate Delete Location Type Functionality]&quot;</td></tr></table><p class="totop"><a href="#summary">back to summary</a></p>
<h3 id="m62">testrunner.TestRunner#runScenario</h3><table class="result"><tr class="param"><th>Parameter #1</th><th>Parameter #2</th></tr><tr class="param stripe"><td>&quot;Validate Add Device Profile Functionality&quot;</td><td>&quot;Optional[Validate Add Device Profile Functionality]&quot;</td></tr></table><p class="totop"><a href="#summary">back to summary</a></p>
<h3 id="m63">testrunner.TestRunner#runScenario</h3><table class="result"><tr class="param"><th>Parameter #1</th><th>Parameter #2</th></tr><tr class="param stripe"><td>&quot;Validate Delete Location Type Functionality&quot;</td><td>&quot;Optional[Validate Delete Location Type Functionality]&quot;</td></tr></table><p class="totop"><a href="#summary">back to summary</a></p>
<h3 id="m64">testrunner.TestRunner#runScenario</h3><table class="result"><tr class="param"><th>Parameter #1</th><th>Parameter #2</th></tr><tr class="param stripe"><td>&quot;Verify Device Type page&quot;</td><td>&quot;Optional[Verify Device Type Page]&quot;</td></tr></table><p class="totop"><a href="#summary">back to summary</a></p>
<h3 id="m65">testrunner.TestRunner#runScenario</h3><table class="result"><tr class="param"><th>Parameter #1</th><th>Parameter #2</th></tr><tr class="param stripe"><td>&quot;Validate Add Device Profile Functionality&quot;</td><td>&quot;Optional[Validate Add Device Profile Functionality]&quot;</td></tr></table><p class="totop"><a href="#summary">back to summary</a></p>
<h3 id="m66">testrunner.TestRunner#runScenario</h3><table class="result"><tr class="param"><th>Parameter #1</th><th>Parameter #2</th></tr><tr class="param stripe"><td>&quot;Validate Delete Device Profile Functionality&quot;</td><td>&quot;Optional[Validate Delete Device Profile Functionality]&quot;</td></tr><tr><th colspan="2">Messages</th></tr><tr><td colspan="2"><div class="messages">Entered Device Profile ID does NOT exists in Table</div></td></tr></table><p class="totop"><a href="#summary">back to summary</a></p>
<h3 id="m67">testrunner.TestRunner#runScenario</h3><table class="result"><tr class="param"><th>Parameter #1</th><th>Parameter #2</th></tr><tr class="param stripe"><td>&quot;Validate Add Device Profile Functionality&quot;</td><td>&quot;Optional[Validate Add Device Profile Functionality]&quot;</td></tr></table><p class="totop"><a href="#summary">back to summary</a></p>
<h3 id="m68">testrunner.TestRunner#runScenario</h3><table class="result"><tr class="param"><th>Parameter #1</th><th>Parameter #2</th></tr><tr class="param stripe"><td>&quot;Validate Add Device Profile Functionality&quot;</td><td>&quot;Optional[Validate Add Device Profile Functionality]&quot;</td></tr></table><p class="totop"><a href="#summary">back to summary</a></p>
<h3 id="m69">testrunner.TestRunner#runScenario</h3><table class="result"><tr class="param"><th>Parameter #1</th><th>Parameter #2</th></tr><tr class="param stripe"><td>&quot;Validate Delete Location Type Functionality&quot;</td><td>&quot;Optional[Validate Delete Location Type Functionality]&quot;</td></tr></table><p class="totop"><a href="#summary">back to summary</a></p>
<h3 id="m70">testrunner.TestRunner#runScenario</h3><table class="result"><tr class="param"><th>Parameter #1</th><th>Parameter #2</th></tr><tr class="param stripe"><td>&quot;Verify Device Profile page&quot;</td><td>&quot;Optional[Verify Device Profile Page]&quot;</td></tr></table><p class="totop"><a href="#summary">back to summary</a></p>
<h3 id="m71">testrunner.TestRunner#runScenario</h3><table class="result"><tr class="param"><th>Parameter #1</th><th>Parameter #2</th></tr><tr class="param stripe"><td>&quot;Validate Add Device Profile Functionality&quot;</td><td>&quot;Optional[Validate Add Device Profile Functionality]&quot;</td></tr></table><p class="totop"><a href="#summary">back to summary</a></p>
<h3 id="m72">testrunner.TestRunner#runScenario</h3><table class="result"><tr class="param"><th>Parameter #1</th><th>Parameter #2</th></tr><tr class="param stripe"><td>&quot;Validate Add Device Profile Functionality&quot;</td><td>&quot;Optional[Validate Add Device Profile Functionality]&quot;</td></tr></table><p class="totop"><a href="#summary">back to summary</a></p>
<h3 id="m73">testrunner.TestRunner#runScenario</h3><table class="result"><tr class="param"><th>Parameter #1</th><th>Parameter #2</th></tr><tr class="param stripe"><td>&quot;Validate Add Device Profile Functionality&quot;</td><td>&quot;Optional[Validate Add Device Profile Functionality]&quot;</td></tr></table><p class="totop"><a href="#summary">back to summary</a></p>
<h3 id="m74">testrunner.TestRunner#runScenario</h3><table class="result"><tr class="param"><th>Parameter #1</th><th>Parameter #2</th></tr><tr class="param stripe"><td>&quot;Validate Add Device Profile Functionality&quot;</td><td>&quot;Optional[Validate Add Device Profile Functionality]&quot;</td></tr></table><p class="totop"><a href="#summary">back to summary</a></p>
<h3 id="m75">testrunner.TestRunner#runScenario</h3><table class="result"><tr class="param"><th>Parameter #1</th><th>Parameter #2</th></tr><tr class="param stripe"><td>&quot;Validate Delete Device Profile Functionality&quot;</td><td>&quot;Optional[Validate Delete Device Profile Functionality]&quot;</td></tr><tr><th colspan="2">Messages</th></tr><tr><td colspan="2"><div class="messages">Entered Device Profile ID does NOT exists in Table</div></td></tr></table><p class="totop"><a href="#summary">back to summary</a></p>
<h3 id="m76">testrunner.TestRunner#runScenario</h3><table class="result"><tr class="param"><th>Parameter #1</th><th>Parameter #2</th></tr><tr class="param stripe"><td>&quot;Verify the Edit Location Type page&quot;</td><td>&quot;Optional[Validate the Edit Location type]&quot;</td></tr></table><p class="totop"><a href="#summary">back to summary</a></p>
<h3 id="m77">testrunner.TestRunner#runScenario</h3><table class="result"><tr class="param"><th>Parameter #1</th><th>Parameter #2</th></tr><tr class="param stripe"><td>&quot;Validate Delete Location Type Functionality&quot;</td><td>&quot;Optional[Validate Delete Location Type Functionality]&quot;</td></tr></table><p class="totop"><a href="#summary">back to summary</a></p>
<h3 id="m78">testrunner.TestRunner#runScenario</h3><table class="result"><tr class="param"><th>Parameter #1</th><th>Parameter #2</th></tr><tr class="param stripe"><td>&quot;Validate Add Device Profile Functionality&quot;</td><td>&quot;Optional[Validate Add Device Profile Functionality]&quot;</td></tr></table><p class="totop"><a href="#summary">back to summary</a></p>
<h3 id="m79">testrunner.TestRunner#runScenario</h3><table class="result"><tr class="param"><th>Parameter #1</th><th>Parameter #2</th></tr><tr class="param stripe"><td>&quot;Verify the Edit Location Type page&quot;</td><td>&quot;Optional[Validate the Edit Location type]&quot;</td></tr></table><p class="totop"><a href="#summary">back to summary</a></p>
<h3 id="m80">testrunner.TestRunner#runScenario</h3><table class="result"><tr class="param"><th>Parameter #1</th><th>Parameter #2</th></tr><tr class="param stripe"><td>&quot;Validate Add Device Profile Functionality&quot;</td><td>&quot;Optional[Validate Add Device Profile Functionality]&quot;</td></tr></table><p class="totop"><a href="#summary">back to summary</a></p>
</body>
</html>
