<?xml version="1.0" encoding="UTF-8"?>
<testng-results ignored="0" total="1" passed="1" failed="0" skipped="0">
  <reporter-output>
    <line>
      <![CDATA[Location Type Edited Successfully & Toaster message Verified]]>
    </line>
  </reporter-output>
  <suite started-at="2022-12-02T12:00:47 IST" name="Default suite" finished-at="2022-12-02T12:01:32 IST" duration-ms="44537">
    <groups>
      <group name="cucumber">
        <method signature="AbstractTestNGCucumberTests.runScenario(io.cucumber.testng.PickleWrapper, io.cucumber.testng.FeatureWrapper)[pri:0, instance:testrunner.TestRunner@47e2e487]" name="runScenario" class="io.cucumber.testng.AbstractTestNGCucumberTests"/>
      </group> <!-- cucumber -->
    </groups>
    <test started-at="2022-12-02T12:00:47 IST" name="Default test" finished-at="2022-12-02T12:01:32 IST" duration-ms="44537">
      <class name="testrunner.TestRunner">
        <test-method is-config="true" signature="setUpClass()[pri:0, instance:testrunner.TestRunner@47e2e487]" started-at="2022-12-02T12:00:47 IST" name="setUpClass" finished-at="2022-12-02T12:00:48 IST" duration-ms="594" status="PASS">
          <reporter-output>
          </reporter-output>
        </test-method> <!-- setUpClass -->
        <test-method signature="runScenario(io.cucumber.testng.PickleWrapper, io.cucumber.testng.FeatureWrapper)[pri:0, instance:testrunner.TestRunner@47e2e487]" started-at="2022-12-02T12:00:48 IST" name="runScenario" description="Runs Cucumber Scenarios" data-provider="scenarios" finished-at="2022-12-02T12:01:29 IST" duration-ms="41063" status="PASS">
          <params>
            <param index="0">
              <value>
                <![CDATA["Verify the Edit Location Type page"]]>
              </value>
            </param>
            <param index="1">
              <value>
                <![CDATA["Optional[Validate the Edit Location type]"]]>
              </value>
            </param>
          </params>
          <reporter-output>
            <line>
              <![CDATA[Location Type Edited Successfully & Toaster message Verified]]>
            </line>
          </reporter-output>
        </test-method> <!-- runScenario -->
        <test-method is-config="true" signature="tearDownClass()[pri:0, instance:testrunner.TestRunner@47e2e487]" started-at="2022-12-02T12:01:29 IST" name="tearDownClass" finished-at="2022-12-02T12:01:32 IST" duration-ms="2843" status="PASS">
          <reporter-output>
          </reporter-output>
        </test-method> <!-- tearDownClass -->
      </class> <!-- testrunner.TestRunner -->
    </test> <!-- Default test -->
  </suite> <!-- Default suite -->
</testng-results>
